
         ==============================
         S N O P T  7.7.1    (Nov 2018)
         ==============================
      Print file 18
      Summary file 19
      Minor print level               0
      Minimize
      Derivative level               3
      Iterations limit       100000000
      Minor iterations limit       150000000
      Proximal iterations limit           10000
      Total character workspace             500
      Total integer workspace            1000
      Total real workspace            1500
      Print frequency            1000
      Summary frequency        10000000
      Major feasibility tolerance  1.00000000E-06
      Major optimality tolerance  1.00000000E-06
      Verify level               0
      Major iterations limit            1000
      Nonderivative linesearch
      Linesearch tolerance  9.00000000E-01
      Difference interval  1.00000000E-06
      Function precision  1.00000000E-10
      New superbasics limit            2000
      Scale option               1
      Hessian updates              40
1
 
 SNMEMB EXIT 100 -- finished successfully
 SNMEMB INFO 104 -- memory requirements estimated

         ==============================
         S N O P T  7.7.1    (Nov 2018)
         ==============================
      Print file 18
      Summary file 19
      Minor print level               0
      Minimize
      Derivative level               3
      Iterations limit       100000000
      Minor iterations limit       150000000
      Proximal iterations limit           10000
      Total character workspace             500
      Total integer workspace           20817
      Total real workspace           10839
      Print frequency            1000
      Summary frequency        10000000
      Major feasibility tolerance  1.00000000E-06
      Major optimality tolerance  1.00000000E-06
      Verify level               0
      Major iterations limit            1000
      Nonderivative linesearch
      Linesearch tolerance  9.00000000E-01
      Difference interval  1.00000000E-06
      Function precision  1.00000000E-10
      New superbasics limit            2000
      Scale option               1
      Hessian updates              40
1
 
 Parameters
 ==========

 Files
 -----
 Solution file..........         0       Old basis file ........         0       Standard input.........         5
 Insert file............         0       New basis file ........         0       (Printer)..............        18
 Punch file.............         0       Backup basis file......         0       (Specs file)...........         0
 Load file..............         0       Dump file..............         0       Standard output........         6

 Frequencies
 -----------
 Print frequency........      1000       Check frequency........        60       Save new basis map.....       100
 Summary frequency......  10000000       Factorization frequency        50       Expand frequency.......     10000

 QP subproblems
 --------------
 QPsolver Cholesky......
 Scale tolerance........     0.900       Minor feasibility tol..  1.00E-06       Iteration limit........ 100000000
 Scale option...........         0       Minor optimality  tol..  5.00E-07       Minor print level......         0
 Crash tolerance........     0.100       Pivot tolerance........  3.25E-11       New superbasics........      2000
 Crash option...........         3       Elastic weight.........  1.00E+05

 Partial pricing
 ---------------
 LP Partial price.......         1       Prtl price section ( A)         4       Prtl price section (-I)         1
 QP Partial price.......         1       Prtl price section ( A)         4       Prtl price section (-I)         1

 The SQP Method
 --------------
 Minimize...............                 Cold start.............                 Proximal Point method..     10000
 Nonlinear objectiv vars         4       Major optimality tol...  1.00E-06       Function precision.....  1.00E-10
 Unbounded step size....  1.00E+20       Superbasics limit......         4       Difference interval....  1.00E-06
 Unbounded objective....  1.00E+10       Reduced Hessian dim....         4       Central difference int.  4.64E-04
 Major step limit.......  2.00E+00       Nonderiv.  linesearch..                 Derivative level.......         3
 Major iterations limit.      1000       Linesearch tolerance...   0.90000       Verify level...........         0
 Minor iterations limit. 150000000       Penalty parameter......  0.00E+00       Major Print Level......         1
 Time limit (secs)...... 9999999.0

 Hessian Approximation
 ---------------------
 Hessian full-memory....                 Hessian updates........  99999999       Hessian frequency......  99999999
                                                                                 Hessian flush..........  99999999

 Nonlinear constraints
 ---------------------
 Nonlinear constraints..         1       Major feasibility tol..  1.00E-06       Violation limit........  1.00E+01
 Nonlinear Jacobian vars         4

 Miscellaneous
 -------------
 LU factor tolerance....      3.99       LU singularity tol.....  3.25E-11       Timing level...........         3
 LU update tolerance....      3.99       LU swap tolerance......  1.22E-04       Debug level............         0
 LU partial  pivoting...                 eps (machine precision)  2.22E-16       System information.....        No
                                                                                 Sticky parameters......        No
1
 

 

 Matrix statistics
 -----------------
               Total      Normal        Free       Fixed     Bounded
 Rows              1           1           0           0           0
 Columns           4           0           0           0           4

 No. of matrix elements                    4     Density     100.000
 Biggest  constant element        0.0000E+00  (excluding fixed columns,
 Smallest constant element        0.0000E+00   free rows, and RHS)

 No. of objective coefficients             0

 Nonlinear constraints       1     Linear constraints       0
 Nonlinear variables         4     Linear variables         0
 Jacobian  variables         4     Objective variables      4
 Total constraints           1     Total variables          4
1
 

 
 The user has defined       4   out of       4   constraint gradients.
 The user has defined       4   out of       4   objective  gradients.

 Cheap test of user-supplied problem derivatives...

 The constraint gradients seem to be OK.

 -->  The largest discrepancy was    1.78E-07  in constraint     5
 

 The objective  gradients seem to be OK.

 Gradient projected in one direction  -2.41219476560E-04
 Difference approximation             -2.41218254576E-04
1
 
 

   Itns Major Minors    Step   nCon Feasible  Optimal  MeritFunction     L+U BSwap     nS condZHZ Penalty
      4     0      4              1 (0.0E+00) 3.1E-04  6.7425000E-04       1            4 1.0E+00         _  r
      7     1      3 1.0E+00      2 (0.0E+00) 3.1E-04  6.7292189E-04       1            2 1.0E+00         _  r
     10     2      3 1.0E+00      3  7.1E-02  1.4E-04  3.7346974E-04       1            2 1.2E+01         _s
     12     3      2 1.0E+00      5 (0.0E+00) 5.0E-04  3.2568397E-04       1     1      1 1.2E+03 4.3E-05 _ m
     13     4      1 1.0E+00      6  1.0E-01  1.2E-04  1.0764994E-04       1            1 1.2E+03 4.3E-05 _
     14     5      1 1.0E+00      7  5.2E-03  3.2E-05  6.9566877E-05       1            1 1.3E+03 4.3E-05 _
     16     6      2 1.0E+00      8  1.2E-04  1.8E-04  6.9171354E-05       1            1 3.6E+04 4.3E-05 _
     22     7      6 1.9E-01      9  7.9E-02  5.1E-05  6.6405272E-05       1            1 1.7E+01 4.3E-05 _
     23     8      1 1.1E-01     10  7.0E-02  2.4E-05  6.6852975E-05       1     1      1 3.5E+03 1.3E-04 _
     24     9      1 1.8E-01     11  5.8E-02  4.0E-06  6.7025239E-05       1            1 3.3E+03 1.8E-04 _
     25    10      1 4.2E-01     12  3.3E-02 (8.2E-07) 6.7069347E-05       1            1 3.2E+03 2.0E-04 _
     26    11      1 1.0E+00     13  5.6E-04  3.6E-06  6.7075773E-05       1            1 3.1E+03 2.1E-04 _
     27    12      1 1.0E+00     14  5.0E-05 (1.8E-07) 6.7075620E-05       1            1 2.2E+03 2.1E-04 _
     28    13      1 1.0E+00     15  6.4E-06 (1.4E-08) 6.7075477E-05       1            1 2.1E+03 2.1E-04 _
     29    14      1 1.0E+00     16 (4.2E-10)(5.0E-11) 6.7075477E-05       1            1 2.1E+03 2.1E-04 _
1
 
 SNOPTC EXIT   0 -- finished successfully
 SNOPTC INFO   1 -- optimality conditions satisfied

 Problem name                 panel-on
 No. of iterations                  29   Objective            6.7075476711E-05
 No. of major iterations            14   Linear    obj. term  0.0000000000E+00
 Penalty parameter           2.084E-04   Nonlinear obj. term  6.7075476711E-05
 User function calls (total)        42   Calls with modes 1,2 (known g)     16
 No. of superbasics                  1   No. of basic nonlinears             1
 No. of degenerate steps             0   Percentage                       0.00
 Max x                       4 1.4E+00   Max pi                      1 1.7E-05
 Max Primal infeas           5 5.7E-10   Max Dual infeas             1 1.1E-10
 Nonlinear constraint violn    5.7E-10
1
 
 Name           panel-on                 Objective Value      6.7075476711E-05

 Status         Optimal Soln             Iteration     29    Superbasics     1

 Objective      °àx€Ð Pð (Min)
 RHS            0°PðxÀ0°
 Ranges         x°00pÀ° 
 Bounds         €xð0x`Ð

 Section 1 - Constraints

  Number  ...Row.. State  ...Value......  Slack Value...  ..Lower Limit.  ..Upper Limit.  .Dual Variable    ..i
 
       5  r      1    UL         1.00000         0.00000           None          1.0            -0.00002      1
1
 
 Section 2 - Variables

  Number  .Column. State  ...Value......  .Obj Gradient.  ..Lower Limit.  ..Upper Limit.  .Dual Variable    m+j
 
       1  x      1    BS         0.05513        -0.00037         0.05000         0.50000        -0.00000      2
       2  x      2    LL         0.20000         0.00023         0.20000        10.00000         0.00014      3
       3  x      3    LL         0.02000         0.00103         0.02000         1.0             0.00069      4
       4  x      4   SBS         1.35525         0.00002         0.20000        10.00000        -0.00000      5
 
 Time for MPS input                             0.00 seconds
 Time for solving problem                      39.86 seconds
 Time for solution output                       0.00 seconds
 Time for constraint functions                 39.84 seconds
 Time for objective function                    0.00 seconds
