
 ==============================
 S N O P T  7.7.1    (Nov 2018)
 ==============================
 
 SNMEMB EXIT 100 -- finished successfully
 SNMEMB INFO 104 -- memory requirements estimated
 
 

 Nonlinear constraints       1     Linear constraints     604
 Nonlinear variables       444     Linear variables         0
 Jacobian  variables       444     Objective variables    444
 Total constraints         605     Total variables        444
 

 
 The user has defined     444   out of     444   constraint gradients.
 The user has defined     444   out of     444   objective  gradients.
 

 Major Minors     Step   nCon Feasible  Optimal  MeritFunction     nS Penalty
     0    444               1 (0.0E+00) 4.0E-02  4.6243081E+00    444 1.0E+00   r
     1    290  1.0E+00      2 (0.0E+00) 4.1E-02  4.3266837E+00    165 1.0E+00   r
     2    117  5.7E-01      3  2.8E-01  1.6E-01  3.4779487E+00    117 1.0E+00 s  l
     3    434  9.0E-02      4  2.7E-01  2.1E-01  3.2632246E+00    129 1.0E+00
     4    332  7.2E-02      5  3.1E-01  1.4E-01  3.1688347E+00     91 1.0E+00
     5    379  2.6E-02      6  3.0E-01  9.7E-02  3.1037797E+00     85 1.0E+00
     6    695  6.7E-02      7  3.5E-01  1.6E-01  3.0538698E+00     83 1.0E+00
     7    191  1.8E-02      8  3.5E-01  1.2E-01  3.0100598E+00     83 1.0E+00
     8    815  1.8E-02      9  3.6E-01  1.3E-01  2.9857048E+00     81 1.0E+00
     9    207  1.4E-02     10  3.6E-01  9.5E-02  2.9495271E+00     77 1.0E+00

 Major Minors     Step   nCon Feasible  Optimal  MeritFunction     nS Penalty
    10    187  1.5E-02     11  3.6E-01  9.7E-02  2.9146194E+00     69 1.0E+00
    11    235  4.3E-02     12  3.7E-01  2.5E-01  2.8245398E+00     63 1.0E+00
    12    301  7.8E-02     13  4.0E-01  3.7E-01  2.7117198E+00     65 1.0E+00
    13    152  1.6E-02     14  4.0E-01  1.8E-01  2.6844558E+00     57 1.0E+00
    14    110  1.7E-02     15  4.0E-01  1.3E-01  2.6480486E+00     54 1.0E+00
    15    199  1.7E-02     16  4.0E-01  5.3E-01  2.6128462E+00     69 1.0E+00
    16    105  1.9E-02     17  4.0E-01  4.4E-01  2.5794982E+00     70 1.0E+00
    17    106  1.9E-02     18  3.9E-01  3.3E-01  2.5403612E+00     67 1.0E+00
    18    158  4.0E-02     19  3.8E-01  2.2E-01  2.4546482E+00     68 1.0E+00
    19    289  9.1E-02     20  3.7E-01  1.5E-01  2.2919030E+00    101 1.0E+00

 Major Minors     Step   nCon Feasible  Optimal  MeritFunction     nS Penalty
    20    399  2.6E-02     21  3.7E-01  1.4E-01  2.2653074E+00    114 1.0E+00
    21    249  3.6E-02     22  3.6E-01  3.6E-02  2.2286516E+00    112 1.0E+00
    22    310  3.5E-02     23  3.5E-01  1.6E-01  2.1919459E+00    117 1.0E+00
    23    140  3.2E-02     24  3.4E-01  2.2E-01  2.1693808E+00    121 1.0E+00
    24    257  4.0E-02     25  3.3E-01  1.4E-01  2.1337473E+00    105 1.0E+00
    25    285  3.3E-02     26  3.3E-01  1.1E-01  2.1075815E+00     89 1.0E+00
    26    223  2.6E-02     27  3.2E-01  1.3E-01  2.0869758E+00     80 1.0E+00
    27    274  2.5E-02     28  3.2E-01  2.4E-01  2.0707887E+00    100 1.0E+00
    28    293  8.7E-03     29  3.2E-01  3.5E-01  2.0641446E+00    147 1.0E+00
    29    296  4.7E-02     30  3.2E-01  1.9E+00  2.0448574E+00    113 1.0E+00

 Major Minors     Step   nCon Feasible  Optimal  MeritFunction     nS Penalty
    30    199  3.7E-02     31  3.2E-01  6.0E-01  2.0232919E+00    115 1.0E+00
    31    496  5.2E-03     32  3.2E-01  6.6E-01  2.0170836E+00    137 1.0E+00
    32    310  5.6E-03     33  3.2E-01  6.6E-01  2.0122896E+00    116 1.0E+00
    33    256  4.9E-02     34  3.0E-01  4.3E-01  1.9843602E+00    119 1.0E+00
    34    317  2.7E-02     35  3.0E-01  4.8E-01  1.9715896E+00    109 1.0E+00
    35    209  8.4E-03     36  3.0E-01  2.4E-01  1.9662636E+00     92 1.0E+00
    36    244  7.9E-04     37  3.0E-01  2.7E-01  1.9656764E+00    114 1.0E+00
    37    311  8.6E-04     38  3.0E-01  3.3E-01  1.9650775E+00    126 1.0E+00
    38    224  7.0E-03     39  3.0E-01  3.4E-01  1.9614477E+00    124 1.0E+00
    39    252  3.2E-04     40  3.0E-01  3.1E-01  1.9612947E+00    113 1.0E+00

 Major Minors     Step   nCon Feasible  Optimal  MeritFunction     nS Penalty
    40    145  3.7E-03     41  3.0E-01  2.9E-01  1.9593309E+00    103 1.0E+00
    41    252  7.4E-03     42  2.9E-01  2.6E-01  1.9548264E+00    117 1.0E+00
    42    641  2.6E-03     43  2.9E-01  4.7E-01  1.9533398E+00    296 1.0E+00   R
    43     79  9.5E-04     44  2.9E-01  2.8E-01  4.3982024E+00    301 1.8E+01 s
    44    127  1.4E-02     45  2.9E-01  2.4E-01  4.3679168E+00    295 1.8E+01
    45    101  1.1E-02     46  2.9E-01  2.3E-01  4.3382017E+00    256 1.8E+01
    46    131  5.6E-02     47  2.7E-01  1.4E-01  4.2322725E+00    242 1.8E+01
    47     60  4.2E-02     48  2.6E-01  1.6E-01  4.1929519E+00    246 1.8E+01
    48     93  5.3E-02     49  2.5E-01  2.4E-01  4.0451203E+00    244 1.8E+01
    49     70  9.3E-03     50  2.5E-01  1.3E-01  2.5936768E+00    199 4.3E+00

 Major Minors     Step   nCon Feasible  Optimal  MeritFunction     nS Penalty
    50     47  3.5E-02     51  2.4E-01  2.5E-01  2.9550874E+00    196 7.9E+00
    51     86  4.8E-02     52  2.3E-01  3.3E-01  2.8993180E+00    218 7.9E+00
    52    185  5.4E-02     53  2.2E-01  4.5E-01  2.8242726E+00    219 7.9E+00
    53     81  8.4E-03     54  2.2E-01  2.7E-01  2.8108199E+00    216 7.9E+00
    54    286  4.9E-02     55  2.1E-01  3.0E-01  2.7473883E+00    218 7.9E+00
    55     43  8.3E-03     56  2.1E-01  1.8E-01  2.7341683E+00    212 7.9E+00
    56     57  8.8E-04     57  2.1E-01  2.7E-01  2.7325904E+00    203 7.9E+00
    57    262  1.3E-03     58  2.1E-01  2.4E-01  2.7304767E+00    212 7.9E+00
    58    103  8.9E-03     59  2.1E-01  2.8E-01  2.7226675E+00    215 7.9E+00
    59    147  1.1E-02     60  2.1E-01  2.8E-01  2.7078941E+00    199 7.9E+00

 Major Minors     Step   nCon Feasible  Optimal  MeritFunction     nS Penalty
    60     88  5.7E-04     61  2.1E-01  2.7E-01  2.7072314E+00    222 7.9E+00
    61     97  5.4E-02     62  2.0E-01  2.6E-01  2.6458889E+00    205 7.9E+00
    62    117  5.3E-02     63  1.9E-01  1.1E-01  2.5839010E+00    214 7.9E+00
    63    115  4.0E-02     64  1.8E-01  3.6E-01  2.5714546E+00    198 7.9E+00
    64    130  4.0E-02     65  1.7E-01  3.6E-01  2.5551828E+00    219 7.9E+00
    65     92  4.0E-02     66  1.6E-01  3.7E-01  2.5377649E+00    195 7.9E+00
    66     82  4.2E-02     67  1.5E-01  3.9E-01  2.5187567E+00    196 7.9E+00
    67     78  3.4E-02     68  1.4E-01  4.1E-01  2.5432589E+00    194 8.7E+00
    68     81  3.6E-02     69  1.3E-01  4.2E-01  2.5324868E+00    191 8.7E+00
    69    232  6.4E-02     70  1.2E-01  3.7E-01  2.5121725E+00    209 8.7E+00

 Major Minors     Step   nCon Feasible  Optimal  MeritFunction     nS Penalty
    70    183  4.9E-02     71  1.2E-01  3.6E-01  2.4748411E+00    194 8.7E+00
    71    371  4.6E-02     72  1.1E-01  3.3E-01  2.4377009E+00    227 8.7E+00
    72    169  6.7E-03     73  1.1E-01  3.4E-01  2.4311391E+00    233 8.7E+00
    73    106  1.5E-03     74  1.1E-01  3.4E-01  2.4298670E+00    227 8.7E+00
    74    187  1.3E-02     75  1.1E-01  3.3E-01  2.4202952E+00    216 8.7E+00
    75    105  1.2E-02     76  1.0E-01  3.2E-01  2.4122214E+00    204 8.7E+00
    76    137  1.2E-03     77  1.0E-01  3.3E-01  2.4113215E+00    212 8.7E+00
    77    148  6.2E-02     78  9.7E-02  2.9E-01  2.3730908E+00    224 8.7E+00
    78    163  1.2E-02     79  9.5E-02  2.9E-01  2.3654023E+00    246 8.7E+00
    79     89  5.5E-02     80  8.8E-02  2.7E-01  2.3417235E+00    218 8.7E+00

 Major Minors     Step   nCon Feasible  Optimal  MeritFunction     nS Penalty
    80    122  1.2E-02     81  8.7E-02  2.7E-01  2.3338841E+00    218 8.7E+00
    81     85  6.0E-02     82  8.0E-02  2.4E-01  2.3116928E+00    242 8.7E+00
    82    114  7.2E-02     83  7.3E-02  2.2E-01  2.2772469E+00    242 8.7E+00
    83    320  7.2E-02     84  6.8E-02  2.8E+00  2.2584303E+00    405 8.7E+00   R
    84     44  2.4E-02     85  6.8E-02  1.3E+00  2.2463878E+00    373 8.7E+00 s
    85     60  3.0E-04     86  6.8E-02  1.3E+00  2.6301319E+01    414 1.7E+03
    86     33  6.9E-03     87  6.7E-02  9.2E-01  2.6163232E+01    385 1.7E+03
    87     10  3.2E-03     88  6.7E-02  7.7E-01  2.6116382E+01    382 1.7E+03
    88     22  4.7E-03     89  6.7E-02  5.9E-01  2.6022075E+01    367 1.7E+03
    89      9  5.2E-03     90  6.6E-02  4.4E-01  2.5915461E+01    359 1.7E+03

 Major Minors     Step   nCon Feasible  Optimal  MeritFunction     nS Penalty
    90     13  6.3E-03     91  6.6E-02  3.1E-01  2.5770720E+01    351 1.7E+03
    91     65  8.1E-03     92  6.5E-02  2.2E-01  2.5567441E+01    345 1.7E+03
    92     17  1.5E-02     93  6.4E-02  2.3E-01  2.5168310E+01    336 1.7E+03
    93     18  2.0E-02     94  6.3E-02  2.4E-01  2.4616430E+01    331 1.7E+03
    94     10  2.4E-02     95  6.2E-02  2.6E-01  2.3893810E+01    328 1.7E+03
    95     35  6.8E-02     96  5.7E-02  8.9E-02  2.1893479E+01    313 1.7E+03
    96     25  1.2E-01     97  5.0E-02  2.2E-01  2.0072794E+01    320 1.7E+03
    97     31  3.6E-02     98  4.9E-02  2.0E-01  6.3661067E+00    318 8.3E+01
    98     19  2.5E-02     99  4.7E-02  2.1E-01  7.8899071E+00    319 2.8E+02
    99     28  1.2E-01    100  4.2E-02  1.7E-01  7.5014534E+00    323 2.8E+02

 Major Minors     Step   nCon Feasible  Optimal  MeritFunction     nS Penalty
   100     25  3.0E-01    101  3.0E-02  1.6E-01  5.2378468E+00    317 6.7E+01
   101     19  3.0E-01    102  2.1E-02  9.9E-02  4.3042037E+00    317 6.7E+01
   102     22  2.6E-01    103  1.5E-02  1.7E-01  3.6488021E+00    323 6.7E+01
   103     47  2.1E-01    104  1.2E-02  1.6E-01  3.2885885E+00    360 6.7E+01
   104     36  2.1E-01    105  9.6E-03  1.4E-01  2.9730535E+00    388 6.7E+01
   105     64  1.0E+00    106  1.9E-03  7.9E-01  2.3185421E+00    442 6.7E+01
   106     61  1.0E+00    107  9.4E-03  1.4E-01  2.2904665E+00    384 6.7E+01
   107     13  1.0E+00    108  1.0E-03  1.6E-01  2.2788395E+00    390 6.9E+01
   108     16  1.0E+00    109  8.3E-04  1.5E-01  2.2544096E+00    393 6.9E+01
   109     18  1.1E-01    110  7.7E-04  1.5E-01  2.2496379E+00    380 6.9E+01

 Major Minors     Step   nCon Feasible  Optimal  MeritFunction     nS Penalty
   110     32  1.1E-01    111  7.1E-04  1.5E-01  2.2428948E+00    397 6.9E+01
   111     24  1.1E-01    112  6.5E-04  1.4E-01  2.2333357E+00    383 6.9E+01
   112     16  2.2E-01    113  6.0E-04  1.2E-01  2.2159222E+00    375 6.9E+01
   113     11  1.3E-01    114  5.7E-04  1.1E-01  2.2051664E+00    371 6.9E+01
   114     33  2.6E-01    115  6.7E-04  2.7E-01  2.1920325E+00    390 6.9E+01
   115      7  9.5E-02    116  6.6E-04  1.3E-01  2.1861477E+00    388 6.9E+01
   116     62  1.0E+00    117  3.5E-03  9.4E-01  2.1577854E+00    380 6.9E+01
   117    191  2.4E-01    118  3.3E-03  1.6E-01  2.1493785E+00    368 6.9E+01
   118     15  1.0E+00    119  3.9E-04  1.2E-01  2.1395209E+00    363 7.6E+01
   119     49  1.0E+00    120  1.6E-04  2.4E-01  2.1285194E+00    393 7.6E+01

 Major Minors     Step   nCon Feasible  Optimal  MeritFunction     nS Penalty
   120     26  5.9E-02    121  1.6E-04  1.7E-01  2.1270839E+00    391 7.6E+01
   121     18  1.3E-01    122  2.8E-04  1.2E-01  2.1223534E+00    376 7.6E+01
   122     19  4.2E-01    123  2.9E-04  1.3E-01  2.1095387E+00    376 7.6E+01
   123     16  9.1E-02    124  2.9E-04  1.7E-01  2.1067395E+00    363 7.6E+01
   124     28  2.0E-01    125  3.3E-04  1.2E-01  2.1020069E+00    384 7.6E+01   R
   125     24  1.0E+00    126  2.1E-04  1.3E-01  2.0988407E+00    365 7.6E+01 s
   126     12  1.0E+00    127  5.4E-05  2.0E-01  2.0976458E+00    358 7.0E+03
   127     24  1.0E+00    128  1.0E-05  7.6E-02  2.0939514E+00    357 6.7E+02
   128     23  3.0E-01    129  7.1E-05  1.3E-01  2.0893283E+00    349 2.9E+02
   129     15  5.4E-02    130  8.7E-05  1.1E-01  2.0885633E+00    349 2.9E+02

 Major Minors     Step   nCon Feasible  Optimal  MeritFunction     nS Penalty
   130     39  2.7E-01    131  3.3E-04  1.2E-01  2.0839457E+00    359 2.9E+02
   131     47  1.3E-01    132  4.9E-04  5.6E-02  2.0822506E+00    363 2.9E+02
   132     10  1.9E-01    133  6.4E-04  1.0E-01  2.0773072E+00    354 2.9E+02
   133     33  6.4E-04    134  6.4E-04  2.8E-01  2.0772762E+00    365 2.9E+02
   134     12  3.2E-04    135  6.4E-04  1.2E-01  2.0772578E+00    358 2.9E+02
   135     16  2.1E-04    136  6.4E-04  3.3E-01  2.0772437E+00    361 2.9E+02
   136     15  1.7E-04    137  6.4E-04  5.3E-01  2.0772307E+00    354 2.9E+02
   137      5  1.7E-04    138  6.4E-04  5.2E-01  2.0772182E+00    350 2.9E+02
   138      4  1.7E-04    139  6.4E-04  5.2E-01  2.0772031E+00    347 2.9E+02
   139      8  1.7E-04    140  6.4E-04  5.2E-01  2.0771880E+00    340 2.9E+02

 Major Minors     Step   nCon Feasible  Optimal  MeritFunction     nS Penalty
   140      8  7.7E-05    141  6.4E-04  5.2E-01  2.0771801E+00    333 2.9E+02
   141      3  6.9E-05    142  6.4E-04  4.6E-01  2.0771732E+00    331 2.9E+02
   142      3  5.0E-05    143  6.4E-04  4.4E-01  2.0771680E+00    329 2.9E+02
   143      9  3.5E-05    144  6.4E-04  4.1E-01  2.0771642E+00    325 2.9E+02
   144      8  2.4E-05    145  6.4E-04  5.2E-01  2.0771615E+00    318 2.9E+02
   145      4  2.2E-05    146  6.4E-04  5.2E-01  2.0771591E+00    315 2.9E+02
   146      3  2.2E-05    147  6.4E-04  5.2E-01  2.0771565E+00    317 2.9E+02
   147      3  2.3E-05    148  6.5E-04  5.2E-01  2.0771538E+00    315 2.9E+02
   148      3  2.3E-05    149  6.5E-04  5.2E-01  2.0771511E+00    313 2.9E+02
   149      1  2.3E-05    150  6.5E-04  5.2E-01  2.0771482E+00    313 2.9E+02

 Major Minors     Step   nCon Feasible  Optimal  MeritFunction     nS Penalty
   150      1  2.4E-05    151  6.5E-04  5.2E-01  2.0771453E+00    313 2.9E+02
   151      3  2.4E-05    152  6.5E-04  5.2E-01  2.0771422E+00    311 2.9E+02
   152      3  2.5E-05    153  6.5E-04  5.2E-01  2.0771389E+00    309 2.9E+02
   153      2  2.5E-05    154  6.5E-04  5.2E-01  2.0771356E+00    308 2.9E+02
   154      2  2.6E-05    155  6.5E-04  5.2E-01  2.0771320E+00    307 2.9E+02
   155      2  2.7E-05    156  6.5E-04  5.2E-01  2.0771282E+00    306 2.9E+02
   156      6  2.2E-02    157  7.0E-04  4.9E-01  2.0740141E+00    303 2.9E+02
   157      5  2.8E-05    158  7.0E-04  4.9E-01  2.0740102E+00    305 2.9E+02
   158      2  2.9E-05    159  7.0E-04  4.9E-01  2.0740061E+00    304 2.9E+02
   159      2  2.9E-05    160  7.0E-04  4.9E-01  2.0740018E+00    303 2.9E+02

 Major Minors     Step   nCon Feasible  Optimal  MeritFunction     nS Penalty
   160      3  3.0E-05    161  7.0E-04  4.9E-01  2.0739974E+00    301 2.9E+02
   161      2  3.0E-05    162  7.0E-04  4.9E-01  2.0739929E+00    302 2.9E+02
   162      3  3.1E-05    163  7.0E-04  4.9E-01  2.0739881E+00    300 2.9E+02
   163      1  3.1E-05    164  7.0E-04  4.9E-01  2.0739833E+00    300 2.9E+02
   164      4  3.2E-05    165  7.0E-04  4.9E-01  2.0739782E+00    298 2.9E+02
   165    115  3.2E-05    166  7.0E-04  4.8E-01  2.0739730E+00    369 2.9E+02   R
   166     14  1.0E+00    167  3.5E-04  2.4E-01  2.0717022E+00    360 2.9E+02 s
   167     25  1.0E+00    168  1.5E-04  1.3E-01  2.0691631E+00    353 2.9E+02
   168     25  1.0E+00    169  1.7E-03  5.2E-02  2.0641130E+00    360 2.9E+02
   169     27  1.0E-02    170  1.7E-03  2.7E-01  2.0638145E+00    360 2.9E+02

 Major Minors     Step   nCon Feasible  Optimal  MeritFunction     nS Penalty
   170     17  7.5E-03    171  1.7E-03  1.2E-01  2.0633582E+00    356 2.9E+02
   171     17  3.7E-03    172  1.7E-03  1.1E-01  2.0631073E+00    350 2.9E+02
   172      7  1.2E-02    173  1.8E-03  1.5E-01  2.0625255E+00    344 2.9E+02
   173      5  1.6E-03    174  1.8E-03  1.2E-01  2.0623719E+00    340 2.9E+02
   174     12  1.6E-03    175  1.8E-03  1.1E-01  2.0621977E+00    335 2.9E+02
   175      9  1.7E-03    176  1.9E-03  1.2E-01  2.0620049E+00    331 2.9E+02
   176      7  1.8E-03    177  1.9E-03  1.3E-01  2.0617888E+00    329 2.9E+02
   177      9  3.8E-05    178  1.9E-03  1.4E-01  2.0617826E+00    322 2.9E+02
   178      7  2.2E-05    179  1.9E-03  1.4E-01  2.0617787E+00    320 2.9E+02
   179      6  1.8E-05    180  1.9E-03  1.8E-01  2.0617753E+00    321 2.9E+02

 Major Minors     Step   nCon Feasible  Optimal  MeritFunction     nS Penalty
   180      5  1.9E-05    181  1.9E-03  1.6E-01  2.0617715E+00    317 2.9E+02
   181      6  2.0E-05    182  1.9E-03  1.7E-01  2.0617675E+00    314 2.9E+02
   182      4  2.1E-05    183  1.9E-03  1.7E-01  2.0617632E+00    313 2.9E+02
   183      5  2.1E-05    184  1.9E-03  1.7E-01  2.0617586E+00    313 2.9E+02
   184      6  2.2E-05    185  1.9E-03  1.7E-01  2.0617536E+00    314 2.9E+02
   185      4  2.3E-05    186  1.9E-03  1.7E-01  2.0617482E+00    311 2.9E+02
   186      4  2.4E-05    187  1.9E-03  1.7E-01  2.0617424E+00    308 2.9E+02
   187      9  2.5E-05    188  1.9E-03  1.7E-01  2.0617360E+00    308 2.9E+02
   188      5  2.6E-05    189  1.9E-03  1.7E-01  2.0617292E+00    304 2.9E+02
   189      7  2.6E-05    190  1.9E-03  1.2E-01  2.0617220E+00    306 2.9E+02

 Major Minors     Step   nCon Feasible  Optimal  MeritFunction     nS Penalty
   190      4  2.6E-05    191  1.9E-03  1.2E-01  2.0617146E+00    305 2.9E+02
   191      6  2.6E-05    192  1.9E-03  1.3E-01  2.0617070E+00    300 2.9E+02
   192      5  2.7E-05    193  1.9E-03  1.3E-01  2.0616991E+00    298 2.9E+02
   193      9  2.7E-05    194  1.9E-03  1.4E-01  2.0616911E+00    292 2.9E+02
   194      7  2.7E-05    195  1.9E-03  1.3E-01  2.0616830E+00    292 2.9E+02
   195      4  2.5E-05    196  1.9E-03  1.3E-01  2.0616754E+00    291 2.9E+02
   196      2  2.5E-05    197  1.9E-03  1.3E-01  2.0616676E+00    290 2.9E+02
   197      1  2.5E-05    198  1.9E-03  1.3E-01  2.0616596E+00    290 2.9E+02
   198      4  2.6E-05    199  1.9E-03  1.3E-01  2.0616514E+00    287 2.9E+02
   199      5  2.6E-05    200  1.9E-03  1.3E-01  2.0616431E+00    285 2.9E+02

 Major Minors     Step   nCon Feasible  Optimal  MeritFunction     nS Penalty
   200      1  2.6E-05    201  1.9E-03  1.3E-01  2.0616345E+00    285 2.9E+02
   201      3  2.7E-05    202  1.9E-03  1.3E-01  2.0616257E+00    285 2.9E+02
   202      2  2.7E-05    203  1.9E-03  1.3E-01  2.0616166E+00    284 2.9E+02
   203      4  2.7E-05    204  1.9E-03  1.6E-01  2.0616074E+00    283 2.9E+02
   204      8  2.5E-05    205  1.9E-03  1.6E-01  2.0615988E+00    284 2.9E+02
   205      4  2.3E-05    206  1.9E-03  1.6E-01  2.0615909E+00    283 2.9E+02
   206    232  2.1E-05    207  1.9E-03  1.3E-01  2.0615837E+00    360 2.9E+02   R
   207     73  1.0E+00    208  1.4E-03  1.3E-01  2.0569672E+00    302 2.9E+02 s
   208     49  2.0E-02    209  1.8E-03  1.8E-01  2.0542470E+00    278 2.9E+02
   209     80  2.6E-03    210  1.8E-03  1.4E-01  2.0533909E+00    261 2.9E+02

 Major Minors     Step   nCon Feasible  Optimal  MeritFunction     nS Penalty
   210    185  1.5E-02    211  2.4E-03  1.5E-01  2.0494612E+00    244 2.9E+02
   211    195  7.6E-03    212  2.6E-03  1.3E-01  2.0459021E+00    336 2.9E+02
   212     37  3.4E-03    213  2.6E-03  1.0E-01  2.0445226E+00    326 2.9E+02
   213     36  2.4E-02    214  2.9E-03  1.1E-01  2.0390688E+00    329 2.9E+02
   214     43  9.7E-02    215  2.9E-03  1.1E-01  2.0329849E+00    309 2.9E+02
   215     48  9.3E-02    216  2.7E-03  1.2E-01  2.0252511E+00    280 2.9E+02
   216     44  1.0E-01    217  2.6E-03  1.3E-01  2.0122935E+00    261 2.9E+02
   217    104  8.5E-02    218  2.7E-03  1.3E-01  1.9989764E+00    271 2.9E+02
   218     55  8.3E-02    219  2.7E-03  1.2E-01  1.9890858E+00    249 2.9E+02
   219    126  1.9E-02    220  2.8E-03  1.2E-01  1.9860880E+00    303 2.9E+02

 Major Minors     Step   nCon Feasible  Optimal  MeritFunction     nS Penalty
   220     87  2.6E-02    221  2.7E-03  1.2E-01  1.9822909E+00    263 2.9E+02
   221    137  8.6E-02    222  3.3E-03  9.6E-02  1.9749936E+00    275 2.9E+02
   222    129  2.1E-02    223  3.4E-03  9.2E-02  1.9715945E+00    251 2.9E+02
   223    229  1.1E-02    224  3.4E-03  8.8E-02  1.9689617E+00    315 2.9E+02
   224    174  1.3E-02    225  3.4E-03  8.9E-02  1.9666235E+00    292 2.9E+02
   225     79  2.5E-02    226  3.3E-03  8.7E-02  1.9630635E+00    264 2.9E+02
   226    120  1.3E-02    227  3.3E-03  8.4E-02  1.9607777E+00    283 2.9E+02
   227    137  2.9E-02    228  3.2E-03  7.8E-02  1.9556653E+00    280 2.9E+02
   228     64  5.5E-02    229  3.2E-03  6.7E-02  1.9474826E+00    269 2.9E+02
   229    108  5.6E-02    230  3.3E-03  5.7E-02  1.9402942E+00    282 2.9E+02

 Major Minors     Step   nCon Feasible  Optimal  MeritFunction     nS Penalty
   230     98  3.7E-02    231  3.3E-03  5.1E-02  1.9362034E+00    306 2.9E+02
   231     42  7.4E-02    232  3.3E-03  4.7E-02  1.9295924E+00    297 2.9E+02
   232     47  7.1E-02    233  3.1E-03  4.4E-02  1.9234589E+00    282 2.9E+02
   233     64  3.9E-02    234  3.0E-03  4.4E-02  1.9198461E+00    303 2.9E+02
   234     41  1.0E-01    235  2.9E-03  4.0E-02  1.9119405E+00    283 2.9E+02
   235    236  5.1E-02    236  2.9E-03  1.0E-01  1.9093211E+00    283 2.9E+02
   236     58  4.6E-02    237  2.9E-03  6.3E-02  1.9058643E+00    284 2.9E+02
   237     51  7.1E-07    238  2.9E-03  3.4E-02  1.9058642E+00    275 2.9E+02
   238    149  5.5E-02    239  2.9E-03  4.6E-02  1.9024843E+00    294 2.9E+02
   239     61  4.8E-02    240  3.0E-03  5.2E-02  1.8992865E+00    287 2.9E+02

 Major Minors     Step   nCon Feasible  Optimal  MeritFunction     nS Penalty
   240     76  2.4E-02    241  3.0E-03  6.0E-02  1.8975020E+00    308 2.9E+02
   241     47  2.1E-02    242  2.9E-03  4.2E-02  1.8957561E+00    296 2.9E+02
   242     36  6.1E-02    243  2.8E-03  3.9E-02  1.8906867E+00    283 2.9E+02
   243     60  5.4E-02    244  2.8E-03  6.6E-02  1.8865250E+00    296 2.9E+02
   244     53  3.5E-02    245  2.7E-03  4.4E-02  1.8836525E+00    282 2.9E+02
   245     54  3.4E-02    246  2.7E-03  6.2E-02  1.8808186E+00    284 2.9E+02
   246     50  4.6E-02    247  2.6E-03  5.3E-02  1.8771714E+00    285 2.9E+02
   247    116  2.5E-02    248  2.6E-03  6.0E-02  1.8749847E+00    351 2.9E+02   R
   248     10  7.7E-02    249  2.4E-03  4.9E-02  1.8731933E+00    342 2.9E+02 s
   249     28  1.9E-01    250  2.0E-03  3.0E-02  1.8679198E+00    333 2.9E+02

 Major Minors     Step   nCon Feasible  Optimal  MeritFunction     nS Penalty
   250     20  8.0E-02    251  1.8E-03  4.4E-02  1.8655928E+00    322 2.9E+02
   251     19  4.7E-02    252  1.8E-03  4.4E-02  1.8641751E+00    318 2.9E+02
   252     19  1.4E-01    253  1.6E-03  4.1E-02  1.8603469E+00    310 2.9E+02
   253     13  4.4E-02    254  1.6E-03  4.3E-02  1.8591817E+00    310 2.9E+02
   254     20  3.3E-02    255  1.5E-03  4.5E-02  1.8581542E+00    319 2.9E+02
   255     20  1.3E-01    256  1.4E-03  4.4E-02  1.8550482E+00    318 2.9E+02
   256     15  9.8E-02    257  1.3E-03  4.2E-02  1.8527177E+00    310 2.9E+02
   257     14  1.4E-01    258  1.2E-03  4.4E-02  1.8491911E+00    313 2.9E+02
   258     22  2.1E-01    259  1.0E-03  4.3E-02  1.8447541E+00    320 2.9E+02
   259     21  8.1E-02    260  9.7E-04  3.8E-02  1.8434375E+00    318 2.9E+02

 Major Minors     Step   nCon Feasible  Optimal  MeritFunction     nS Penalty
   260     17  8.6E-07    261  9.7E-04  4.0E-02  1.8434375E+00    310 2.9E+02
   261     31  5.9E-02    262  9.5E-04  3.9E-02  1.8422330E+00    315 2.9E+02
   262     84  9.4E-02    263  9.9E-04  5.5E-02  1.8400280E+00    306 2.9E+02
   263     20  2.5E-02    264  9.8E-04  4.6E-02  1.8391720E+00    307 2.9E+02
   264     14  2.2E-02    265  9.7E-04  3.8E-02  1.8386773E+00    304 2.9E+02
   265     23  1.0E-01    266  9.8E-04  4.0E-02  1.8363834E+00    310 2.9E+02
   266     34  1.8E-02    267  9.7E-04  4.7E-02  1.8357044E+00    313 2.9E+02
   267     29  1.0E-01    268  9.6E-04  4.0E-02  1.8337130E+00    309 2.9E+02
   268     29  2.6E-02    269  9.4E-04  3.5E-02  1.8329417E+00    311 2.9E+02
   269     54  1.6E-02    270  9.4E-04  5.0E-02  1.8323066E+00    320 2.9E+02

 Major Minors     Step   nCon Feasible  Optimal  MeritFunction     nS Penalty
   270     32  1.0E-01    271  9.2E-04  4.6E-02  1.8306860E+00    309 2.9E+02
   271     28  7.8E-02    272  9.3E-04  4.4E-02  1.8285382E+00    300 2.9E+02
   272     29  8.9E-03    273  9.3E-04  5.0E-02  1.8282874E+00    322 2.9E+02
   273     26  8.0E-02    274  9.5E-04  5.1E-02  1.8266091E+00    319 2.9E+02
   274     22  6.4E-02    275  9.3E-04  4.3E-02  1.8253280E+00    317 2.9E+02
   275     53  2.2E-01    276  9.5E-04  1.2E-01  1.8229112E+00    319 2.9E+02
   276     22  3.5E-02    277  9.3E-04  7.6E-02  1.8219815E+00    320 2.9E+02
   277     16  1.2E-01    278  8.6E-04  7.2E-02  1.8198270E+00    320 2.9E+02
   278     23  1.2E-01    279  8.3E-04  5.6E-02  1.8174425E+00    332 2.9E+02
   279     34  2.9E-01    280  6.9E-04  3.4E-02  1.8128181E+00    323 2.9E+02

 Major Minors     Step   nCon Feasible  Optimal  MeritFunction     nS Penalty
   280     20  4.3E-02    281  6.8E-04  3.9E-02  1.8119385E+00    322 2.9E+02
   281     52  2.7E-01    282  6.9E-04  5.8E-02  1.8076387E+00    318 2.9E+02
   282     54  4.9E-02    283  7.3E-04  1.1E-01  1.8063226E+00    330 2.9E+02
   283     39  1.2E-02    284  7.4E-04  2.9E-02  1.8059227E+00    316 2.9E+02
   284     56  2.9E-06    285  7.4E-04  1.0E-01  1.8059227E+00    329 2.9E+02
   285     25  3.2E-06    287  7.4E-04  1.1E-01  1.8059225E+00    327 2.9E+02  M
   286     30  3.3E-06    288  7.4E-04  4.5E-02  1.8059224E+00    314 2.9E+02
   287     18  3.7E-06    290  7.4E-04  3.0E-02  1.8059223E+00    305 2.9E+02  M
   288     94  3.9E-06    292  7.4E-04  3.6E-02  1.8059222E+00    352 2.9E+02  MR
   289     15  1.0E+00    293  3.3E-04  3.7E-02  1.8043112E+00    346 2.9E+02 s

 Major Minors     Step   nCon Feasible  Optimal  MeritFunction     nS Penalty
   290     14  6.1E-02    294  3.3E-04  3.9E-02  1.8040530E+00    345 2.9E+02
   291     14  4.1E-02    295  3.2E-04  3.2E-02  1.8037804E+00    338 2.9E+02
   292     13  5.4E-02    296  3.1E-04  2.8E-02  1.8035177E+00    334 2.9E+02
   293     13  1.4E-01    297  3.1E-04  2.9E-02  1.8025026E+00    338 2.9E+02
   294     21  3.0E-01    298  3.6E-04  5.1E-02  1.8011041E+00    326 2.9E+02
   295      1  1.0E-03    300  3.6E-04  5.1E-02  1.8010969E+00    326 2.9E+02
   296     17  1.0E-03    302  3.6E-04  5.2E-02  1.8010897E+00    325 2.9E+02  M
   297      3  5.5E-04    304  3.6E-04  5.2E-02  1.8010858E+00    327 2.9E+02  M
   298      1  9.9E-04    306  3.6E-04  5.2E-02  1.8010787E+00    327 2.9E+02  M
   299      3  1.0E-03    308  3.7E-04  5.3E-02  1.8010715E+00    325 2.9E+02  M

 Major Minors     Step   nCon Feasible  Optimal  MeritFunction     nS Penalty
   300      1  1.2E-03    310  3.7E-04  5.3E-02  1.8010634E+00    325 2.9E+02  M
   301      1  9.3E-04    312  3.7E-04  5.4E-02  1.8010569E+00    325 2.9E+02  M
   302      9  8.2E-04    314  3.7E-04  5.4E-02  1.8010513E+00    323 2.9E+02  M
   303      2  1.1E-04    316  3.7E-04  5.4E-02  1.8010506E+00    322 2.9E+02  M
   304      3  9.1E-05    318  3.7E-04  5.4E-02  1.8010501E+00    320 2.9E+02  M
   305      6  5.6E-05    320  3.7E-04  5.4E-02  1.8010499E+00    315 2.9E+02  M
   306      5  3.5E-05    322  3.7E-04  5.4E-02  1.8010497E+00    311 2.9E+02  M
   307      8  1.7E-05    324  3.7E-04  5.4E-02  1.8010496E+00    314 2.9E+02  M
   308     13  5.3E-06    326  3.7E-04  5.4E-02  1.8010496E+00    310 2.9E+02  M
   309      4  3.0E-06    328  3.7E-04  5.4E-02  1.8010496E+00    309 2.9E+02  M

 Major Minors     Step   nCon Feasible  Optimal  MeritFunction     nS Penalty
   310      5  2.6E-06    330  3.7E-04  5.4E-02  1.8010496E+00    307 2.9E+02  M
   311      9  4.7E-07    332  3.7E-04  5.4E-02  1.8010496E+00    309 2.9E+02  M
   312      2  2.3E-06    334  3.7E-04  5.4E-02  1.8010496E+00    308 2.9E+02  M
   313     15  2.6E-06    336  3.7E-04  5.4E-02  1.8010496E+00    308 2.9E+02  M
   314      1  4.5E-08    337  3.7E-04  5.4E-02  1.8010496E+00    308 2.9E+02
   314     72             337  3.7E-04  5.4E-02  1.8009238E+00    347 1.0E+00   R
   315     32  1.0E+00    338  1.1E-04  7.1E-02  1.8003258E+00    330 1.0E+00 s
   316      2  1.9E-02    340  1.4E-04  7.5E-02  1.8002539E+00    331 1.0E+00
   317      7  2.3E-02    342  1.8E-04  8.4E-02  1.8001757E+00    328 1.0E+00  M
   318      3  7.0E-03    344  1.9E-04  9.1E-02  1.8001625E+00    326 1.0E+00  M
   319     25  2.6E-03    345  2.0E-04  9.8E-02  1.8001612E+00    306 1.0E+00

 Major Minors     Step   nCon Feasible  Optimal  MeritFunction     nS Penalty
   320     24  8.8E-04    346  2.1E-04  8.9E-02  1.8001561E+00    311 1.0E+00
   321     46  4.9E-04    347  2.1E-04  9.0E-02  1.8001504E+00    318 1.0E+00
   322     29  4.1E-04    348  2.1E-04  9.0E-02  1.8001425E+00    316 1.0E+00
   323     39  3.7E-04    349  2.1E-04  9.0E-02  1.8001336E+00    306 1.0E+00
   324     38  3.7E-04    350  2.1E-04  9.1E-02  1.8001214E+00    324 1.0E+00
   325     37  4.8E-04    351  2.2E-04  9.1E-02  1.8001076E+00    300 1.0E+00
   326     38  3.9E-04    352  2.2E-04  9.1E-02  1.8000904E+00    318 1.0E+00
   327     37  4.6E-02    353  2.4E-04  6.8E-02  1.7985066E+00    299 1.0E+00
   328     50  7.3E-02    354  3.3E-04  4.0E-02  1.7956324E+00    326 1.0E+00
   329     40  7.9E-02    355  3.5E-04  3.1E-02  1.7939931E+00    297 1.0E+00

 Major Minors     Step   nCon Feasible  Optimal  MeritFunction     nS Penalty
   330     48  4.8E-03    356  3.5E-04  3.1E-02  1.7938384E+00    294 1.0E+00
   331     32  2.1E-02    357  3.7E-04  3.1E-02  1.7931407E+00    283 1.0E+00
   332     69  4.2E-02    358  4.5E-04  2.9E-02  1.7916494E+00    311 1.0E+00
   333     18  7.4E-03    359  4.6E-04  2.9E-02  1.7913824E+00    302 1.0E+00
   334     33  1.4E-02    360  4.7E-04  3.0E-02  1.7909077E+00    294 1.0E+00
   335     20  3.9E-02    361  4.9E-04  3.1E-02  1.7895349E+00    289 1.0E+00
   336     13  5.8E-03    362  4.9E-04  3.0E-02  1.7893070E+00    289 1.0E+00
   337     27  6.5E-03    363  5.0E-04  3.1E-02  1.7890294E+00    291 1.0E+00
   338     36  4.5E-02    364  5.4E-04  3.5E-02  1.7870492E+00    287 1.0E+00
   339     46  5.4E-03    365  5.4E-04  3.6E-02  1.7867988E+00    287 1.0E+00

 Major Minors     Step   nCon Feasible  Optimal  MeritFunction     nS Penalty
   340     35  2.4E-04    366  5.4E-04  3.7E-02  1.7867876E+00    285 1.0E+00
   341     21  4.0E-02    367  5.8E-04  3.9E-02  1.7848477E+00    287 1.0E+00
   342     34  4.0E-02    368  6.2E-04  3.7E-02  1.7829934E+00    296 1.0E+00
   343     31  5.0E-03    369  6.2E-04  3.9E-02  1.7827635E+00    294 1.0E+00
   344     33  3.9E-02    370  6.5E-04  3.7E-02  1.7809890E+00    288 1.0E+00
   345     28  3.9E-02    371  6.8E-04  3.6E-02  1.7792828E+00    282 1.0E+00
   346     38  3.9E-02    372  7.0E-04  3.3E-02  1.7775329E+00    292 1.0E+00
   347     42  6.9E-02    373  7.5E-04  3.0E-02  1.7746575E+00    291 1.0E+00
   348     28  3.8E-02    374  7.8E-04  2.8E-02  1.7731696E+00    287 1.0E+00
   349     60  1.3E-01    375  8.6E-04  4.2E-02  1.7686135E+00    272 1.0E+00

 Major Minors     Step   nCon Feasible  Optimal  MeritFunction     nS Penalty
   350     25  3.6E-02    376  8.9E-04  1.9E-02  1.7672729E+00    264 1.0E+00
   351     37  3.6E-02    377  9.2E-04  2.6E-02  1.7659393E+00    272 1.0E+00
   352     44  1.3E-01    378  1.2E-03  8.1E-01  1.7618669E+00    267 1.0E+00
   353    156  3.2E-02    379  1.4E-03  4.6E-01  1.7608422E+00    335 1.0E+00
   354     48  9.2E-04    380  1.4E-03  4.5E-01  1.7607719E+00    322 1.0E+00
   355    151  1.1E-02    381  1.5E-03  1.7E-01  1.7601049E+00    291 1.0E+00
   356    104  1.3E-01    382  1.7E-03  1.7E-01  1.7572933E+00    366 1.0E+00   R
   357     26  1.4E-01    383  1.8E-03  9.7E-02  1.7558248E+00    373 1.0E+00 s
   358     12  1.0E+00    384  1.1E-04  8.9E-02  1.7548368E+00    370 3.1E+02
   359     20  1.0E+00    385  2.7E-05  6.8E-02  1.7539053E+00    357 1.8E+01

 Major Minors     Step   nCon Feasible  Optimal  MeritFunction     nS Penalty
   360     10  4.4E-01    386  8.7E-05  4.3E-02  1.7530990E+00    354 5.9E+00
   361     14  1.0E+00    387  4.2E-04  1.2E-01  1.7528100E+00    353 5.9E+00
   362     34  2.6E-02    388  4.2E-04  1.9E-01  1.7526656E+00    372 5.9E+00
   363     57  4.1E-01    389  1.6E-03  3.5E-02  1.7525509E+00    363 5.9E+00
   364     17  1.0E+00    390  5.9E-04  3.5E-01  1.7515467E+00    372 5.9E+00
   365     23  1.0E+00    391  1.5E-03  2.0E-02  1.7499516E+00    357 5.9E+00
   366     17  1.0E+00    392  8.6E-05  6.7E-02  1.7496650E+00    354 8.1E+01
   367     15  1.0E+00    393  1.7E-04  2.2E-02  1.7487801E+00    348 1.8E+01
   368      9  3.5E-01    394  2.6E-04  3.6E-02  1.7480762E+00    349 1.8E+01
   369     13  1.0E+00    395  1.4E-04  7.4E-02  1.7468603E+00    349 1.8E+01

 Major Minors     Step   nCon Feasible  Optimal  MeritFunction     nS Penalty
   370     21  1.0E+00    396  3.2E-04  3.0E-02  1.7456193E+00    347 1.8E+01
   371     16  1.0E+00    397  1.2E-04  2.9E-02  1.7447295E+00    340 1.8E+01
   372     21  1.0E+00    398  1.6E-04  2.1E-02  1.7432611E+00    342 1.8E+01
   373     31  1.0E+00    399  6.7E-04  3.8E-02  1.7430606E+00    348 1.8E+01
   374     45  2.9E-01    400  9.2E-04  1.8E-02  1.7423539E+00    346 1.8E+01
   375     16  1.0E+00    401  1.2E-04  1.9E-02  1.7417112E+00    339 1.8E+01
   376     15  1.0E+00    402  4.0E-05  1.8E-02  1.7409533E+00    331 1.8E+01
   377     31  3.0E-01    403  4.3E-05  1.8E-02  1.7404981E+00    335 1.8E+01
   378     27  4.9E-02    404  4.8E-05  1.7E-02  1.7403226E+00    333 1.8E+01
   379     65  1.4E-01    405  1.1E-04  7.2E-02  1.7399671E+00    327 1.8E+01

 Major Minors     Step   nCon Feasible  Optimal  MeritFunction     nS Penalty
   380     18  6.3E-02    406  1.2E-04  4.2E-02  1.7395711E+00    328 1.8E+01
   381      9  7.5E-02    407  1.3E-04  3.5E-02  1.7391697E+00    322 1.8E+01
   382     13  7.3E-02    408  1.3E-04  3.1E-02  1.7387125E+00    324 1.8E+01
   383     32  1.2E-01    409  1.4E-04  3.2E-02  1.7380645E+00    335 1.8E+01
   384     13  6.0E-02    410  1.4E-04  2.1E-02  1.7376888E+00    337 1.8E+01
   385     12  1.1E-01    411  1.4E-04  1.7E-02  1.7372578E+00    332 1.8E+01
   386     10  9.2E-02    412  1.4E-04  2.6E-02  1.7368789E+00    323 1.8E+01
   387     14  1.9E-01    413  1.4E-04  5.5E-02  1.7359683E+00    317 1.8E+01
   388      9  2.4E-01    414  1.4E-04  7.0E-02  1.7347877E+00    319 1.8E+01
   389     27  2.0E-01    415  1.7E-04  6.0E-02  1.7339079E+00    341 1.8E+01

 Major Minors     Step   nCon Feasible  Optimal  MeritFunction     nS Penalty
   390     34  1.0E+00    416  4.7E-04  2.2E-01  1.7323748E+00    334 1.8E+01
   391     53  9.7E-02    417  4.9E-04  1.2E-01  1.7315834E+00    349 1.8E+01
   392     31  1.0E+00    418  8.3E-04  3.2E-02  1.7302563E+00    337 1.8E+01
   393     54  2.5E-01    419  1.5E-03  3.4E-02  1.7298247E+00    339 1.8E+01
   394     37  1.0E+00    420  1.3E-04  3.9E-02  1.7282664E+00    341 1.8E+01
   395     46  1.0E+00    421  3.1E-04  3.8E-02  1.7274356E+00    324 1.8E+01
   396     66  5.2E-03    422  3.1E-04  3.7E-02  1.7273824E+00    355 1.8E+01
   397     11  1.0E+00    423  4.1E-05  3.6E-02  1.7266540E+00    345 1.8E+01   R
   398     34  1.0E+00    424  7.9E-06  3.5E-02  1.7263188E+00    314 1.8E+01 s
   399     20  1.8E-01    425  2.6E-05  3.2E-02  1.7257351E+00    307 1.8E+01

 Major Minors     Step   nCon Feasible  Optimal  MeritFunction     nS Penalty
   400     23  7.9E-02    426  3.7E-05  3.0E-02  1.7253725E+00    299 1.8E+01
   401     35  2.6E-02    427  4.4E-05  2.7E-02  1.7251339E+00    315 1.8E+01
   402     27  2.0E-01    428  1.2E-04  2.1E-02  1.7241237E+00    294 1.8E+01
   403     36  5.3E-02    429  1.9E-04  2.4E-02  1.7236262E+00    305 1.8E+01
   404     53  7.8E-03    430  1.9E-04  2.7E-02  1.7235187E+00    326 1.8E+01
   405     20  7.9E-02    431  2.0E-04  1.8E-02  1.7230417E+00    317 1.8E+01
   406     14  6.6E-02    432  2.0E-04  1.1E-02  1.7226288E+00    316 1.8E+01
   407     18  1.9E-01    433  2.3E-04  2.3E-02  1.7218616E+00    305 1.8E+01
   408     47  1.2E-01    434  4.1E-04  4.1E-02  1.7214892E+00    307 1.8E+01
   409     16  6.6E-02    435  4.5E-04  4.0E-02  1.7210551E+00    312 1.8E+01

 Major Minors     Step   nCon Feasible  Optimal  MeritFunction     nS Penalty
   410     46  2.9E-02    436  4.6E-04  2.9E-02  1.7207606E+00    325 1.8E+01
   411     19  2.4E-02    437  4.5E-04  2.0E-02  1.7206742E+00    315 1.8E+01
   412      9  5.0E-02    438  4.4E-04  1.9E-02  1.7204954E+00    311 1.8E+01
   413     12  2.7E-02    439  4.3E-04  1.9E-02  1.7203029E+00    310 1.8E+01
   414     20  2.4E-02    440  4.2E-04  1.9E-02  1.7201172E+00    315 1.8E+01
   415     29  1.3E-01    441  4.0E-04  1.8E-02  1.7191730E+00    300 1.8E+01
   416     33  9.3E-02    442  4.0E-04  1.6E-02  1.7184059E+00    319 1.8E+01
   417     19  9.1E-02    443  3.9E-04  1.3E-02  1.7178089E+00    321 1.8E+01
   418     40  7.2E-02    444  3.7E-04  1.2E-02  1.7173837E+00    314 1.8E+01
   419     29  1.7E-01    445  3.8E-04  1.5E-02  1.7163113E+00    312 1.8E+01

 Major Minors     Step   nCon Feasible  Optimal  MeritFunction     nS Penalty
   420     31  4.7E-02    446  3.8E-04  1.8E-02  1.7159290E+00    314 1.8E+01
   421     27  3.5E-02    447  3.9E-04  2.2E-02  1.7156253E+00    322 1.8E+01
   422     32  1.2E-01    448  3.9E-04  2.8E-02  1.7146576E+00    319 1.8E+01
   423     74  3.1E-02    449  4.0E-04  3.0E-02  1.7143904E+00    341 1.8E+01
   424     42  1.9E-01    450  3.5E-04  3.3E-02  1.7136788E+00    321 1.8E+01
   425     26  9.8E-02    451  3.7E-04  3.6E-02  1.7128365E+00    328 1.8E+01
   426     32  8.0E-02    452  3.5E-04  3.7E-02  1.7122430E+00    315 1.8E+01
   427     56  4.9E-02    453  3.5E-04  3.8E-02  1.7118005E+00    315 1.8E+01
   428     66  1.4E-01    454  5.8E-04  1.3E-01  1.7112236E+00    314 1.8E+01
   429     72  1.4E-03    455  5.8E-04  1.2E-01  1.7112034E+00    339 1.8E+01

 Major Minors     Step   nCon Feasible  Optimal  MeritFunction     nS Penalty
   430     67  1.0E-02    456  5.8E-04  1.1E-01  1.7109497E+00    317 1.8E+01
   431     40  1.4E-03    457  5.8E-04  1.1E-01  1.7109354E+00    316 1.8E+01
   432     17  5.6E-02    458  5.8E-04  8.9E-02  1.7098261E+00    314 1.8E+01
   433     25  5.2E-02    459  5.8E-04  7.6E-02  1.7089635E+00    314 1.8E+01
   434     43  7.9E-02    460  5.7E-04  5.7E-02  1.7076490E+00    330 1.8E+01
   435     26  6.7E-02    461  6.2E-04  3.4E-02  1.7063641E+00    319 1.8E+01
   436     70  7.3E-02    462  6.6E-04  2.8E-02  1.7049927E+00    330 1.8E+01
   437     67  1.7E-01    463  9.4E-04  1.7E-01  1.7039761E+00    320 1.8E+01
   438     59  3.6E-04    464  9.4E-04  1.6E-01  1.7039706E+00    352 1.8E+01   R
   439     37  3.7E-02    465  9.4E-04  1.1E-01  1.7035290E+00    378 1.8E+01 s

 Major Minors     Step   nCon Feasible  Optimal  MeritFunction     nS Penalty
   440     13  1.0E+00    466  1.1E-04  5.1E-02  1.7030891E+00    371 7.1E+02
   441     20  1.0E+00    467  1.8E-05  4.3E-02  1.7024648E+00    354 1.1E+02
   442      9  1.0E+00    468  1.0E-04  2.4E-02  1.7016927E+00    348 1.1E+02
   443      6  1.0E+00    469  2.7E-04  2.7E-02  1.7011555E+00    345 1.1E+02
   444      9  1.0E+00    470  6.8E-05  1.0E-02  1.7007558E+00    343 1.1E+02
   445      6  1.0E+00    471  8.0E-05  1.2E-02  1.7004999E+00    344 1.1E+02
   446     15  1.0E+00    472  1.2E-04  1.8E-02  1.7001066E+00    350 1.1E+02
   447      8  1.0E+00    473  1.4E-04  2.0E-02  1.6996825E+00    349 1.1E+02
   448     18  1.0E+00    474  3.0E-05  1.3E-02  1.6993514E+00    350 1.1E+02
   449      8  3.0E-01    475  2.6E-05  8.0E-03  1.6992263E+00    353 1.1E+02

 Major Minors     Step   nCon Feasible  Optimal  MeritFunction     nS Penalty
   450      6  1.0E+00    476  1.1E-04  1.6E-02  1.6987759E+00    348 1.1E+02
   451      8  8.2E-02    477  1.0E-04  9.6E-03  1.6986842E+00    349 1.1E+02
   452      4  1.8E-01    478  8.7E-05  8.0E-03  1.6986250E+00    348 1.1E+02
   453     24  1.0E+00    479  1.1E-04  8.5E-02  1.6985792E+00    335 1.1E+02
   454     42  9.2E-02    480  1.3E-04  3.4E-02  1.6984194E+00    350 1.1E+02
   455      5  1.0E+00    481  1.1E-04  7.2E-03  1.6982446E+00    346 1.1E+02
   456      6  1.0E+00    482  4.2E-05  1.1E-02  1.6980078E+00    341 1.1E+02
   457     19  1.0E+00    483  3.6E-06  9.3E-03  1.6978919E+00    337 1.1E+02
   458     13  1.0E+00    484  3.5E-05  7.9E-03  1.6975619E+00    337 1.1E+02
   459     16  1.0E+00    485  1.8E-05  8.9E-03  1.6973878E+00    338 1.1E+02

 Major Minors     Step   nCon Feasible  Optimal  MeritFunction     nS Penalty
   460     13  1.0E+00    486  5.5E-05  2.2E-02  1.6972842E+00    346 1.1E+02
   461      9  1.0E+00    487  6.0E-05  2.0E-02  1.6971572E+00    340 1.1E+02
   462     20  1.0E+00    488  8.8E-06  1.8E-02  1.6969411E+00    330 1.1E+02
   463     19  4.9E-01    489  2.0E-05  1.4E-02  1.6966802E+00    335 1.1E+02
   464     10  1.4E-01    490  2.0E-05  1.1E-02  1.6965950E+00    340 1.1E+02
   465     13  1.0E+00    491  1.4E-04  2.0E-02  1.6960853E+00    340 1.1E+02
   466     17  1.0E+00    492  1.2E-04  2.2E-02  1.6959031E+00    340 1.1E+02
   467     21  1.0E+00    493  2.1E-05  1.8E-02  1.6955518E+00    340 1.1E+02
   468      9  1.0E+00    494  2.5E-04  1.2E-02  1.6950298E+00    336 1.1E+02
   469     16  1.0E+00    495  9.0E-06  1.3E-02  1.6949116E+00    331 2.2E+02

 Major Minors     Step   nCon Feasible  Optimal  MeritFunction     nS Penalty
   470     11  1.0E+00    496  1.9E-05  1.3E-02  1.6945440E+00    327 2.2E+02
   471     10  1.0E+00    497  8.6E-05  1.5E-02  1.6939951E+00    327 2.2E+02
   472     35  1.0E+00    498  6.9E-06  2.1E-02  1.6937941E+00    337 2.2E+02
   473     15  3.9E-01    499  3.6E-05  3.3E-02  1.6934325E+00    335 2.2E+02
   474      9  1.0E+00    500  1.8E-04  2.9E-01  1.6933620E+00    337 2.2E+02
   475     17  1.0E+00    501  4.0E-04  2.4E-02  1.6928475E+00    341 2.2E+02
   476     19  1.0E+00    502  8.1E-05  2.6E-02  1.6925429E+00    333 2.2E+02
   477     23  1.0E+00    503  7.3E-06  2.5E-02  1.6922115E+00    336 2.2E+02
   478     24  1.0E+00    504  1.5E-05  1.7E-02  1.6918077E+00    334 2.2E+02
   479     14  1.0E+00    505  9.2E-05  3.0E-02  1.6913093E+00    339 2.2E+02   R

 Major Minors     Step   nCon Feasible  Optimal  MeritFunction     nS Penalty
   480     12  1.0E+00    506  7.0E-05  2.5E-02  1.6911428E+00    328 2.2E+02 s
   481      8  1.0E+00    507  3.4E-05  1.5E-02  1.6910180E+00    323 2.2E+02
   482      7  1.0E+00    508  2.5E-05  1.4E-02  1.6908615E+00    321 2.2E+02
   483      5  1.0E+00    509  1.5E-05  1.2E-02  1.6907349E+00    317 2.2E+02
   484      8  1.0E+00    510  1.4E-05  1.1E-02  1.6906203E+00    318 2.2E+02
   485      6  1.0E+00    511  1.5E-05  1.7E-02  1.6905371E+00    317 2.2E+02
   486      9  1.0E+00    512  9.9E-06  1.1E-02  1.6903717E+00    313 2.2E+02
   487      8  1.0E+00    513  3.6E-05  2.3E-02  1.6901232E+00    318 2.2E+02
   488      7  1.0E+00    514  1.1E-04  8.9E-02  1.6899670E+00    324 2.2E+02
   489      8  1.0E+00    515  3.0E-05  2.4E-02  1.6897645E+00    321 2.2E+02

 Major Minors     Step   nCon Feasible  Optimal  MeritFunction     nS Penalty
   490     10  1.0E+00    516  1.7E-05  3.2E-02  1.6894202E+00    319 2.2E+02
   491     12  1.0E+00    517  1.5E-05  2.0E-02  1.6891748E+00    316 2.2E+02
   492      8  1.0E+00    518  7.7E-05  1.3E-02  1.6888450E+00    313 2.2E+02
   493     16  1.0E+00    519  1.7E-04  3.1E-02  1.6887042E+00    322 2.2E+02
   494     13  1.0E+00    520  1.2E-04  7.3E-03  1.6885236E+00    330 2.2E+02
   495     18  1.0E+00    521  8.3E-06  5.8E-03  1.6884156E+00    325 2.2E+02
   496     16  1.0E+00    522  1.8E-05  6.9E-03  1.6882658E+00    312 2.2E+02
   497     10  1.0E+00    523  2.9E-05  4.7E-03  1.6881662E+00    315 2.2E+02
   498     12  1.0E+00    524  9.6E-06  6.1E-03  1.6880478E+00    316 2.2E+02
   499     18  1.0E+00    525  3.6E-05  2.2E-02  1.6877288E+00    315 2.2E+02

 Major Minors     Step   nCon Feasible  Optimal  MeritFunction     nS Penalty
   500     15  1.0E+00    526  1.2E-04  5.8E-02  1.6873768E+00    319 2.2E+02
   501     18  2.8E-01    527  1.5E-04  6.6E-02  1.6872115E+00    332 2.2E+02
   502      9  1.0E+00    528  7.0E-05  2.2E-02  1.6869131E+00    336 2.2E+02
   503     11  1.0E+00    529  1.0E-04  8.5E-03  1.6866239E+00    330 2.2E+02
   504     21  1.0E+00    530  1.2E-05  1.1E-02  1.6862958E+00    322 2.2E+02
   505      8  1.0E+00    531  1.3E-04  4.9E-02  1.6858187E+00    323 2.2E+02
   506     10  1.0E+00    532  1.1E-04  1.1E-02  1.6855785E+00    326 2.2E+02
   507     11  1.0E+00    533  4.6E-05  1.5E-02  1.6854002E+00    324 2.2E+02
   508     13  1.0E+00    534  2.2E-04  8.6E-03  1.6853134E+00    324 2.2E+02
   509     10  1.0E+00    535  2.5E-04  3.6E-02  1.6852394E+00    323 2.2E+02

 Major Minors     Step   nCon Feasible  Optimal  MeritFunction     nS Penalty
   510      6  1.0E+00    536  6.5E-05  8.8E-03  1.6849599E+00    320 2.2E+02
   511     20  1.0E+00    537  2.9E-06  9.1E-03  1.6847608E+00    317 2.2E+02
   512     16  1.0E+00    538  8.2E-05  1.3E-02  1.6838275E+00    320 2.2E+02
   513     23  1.0E+00    539  6.6E-05  7.4E-02  1.6834506E+00    324 2.2E+02
   514     13  1.0E+00    540  4.5E-05  4.8E-02  1.6829950E+00    322 2.2E+02
   515     17  8.1E-02    541  4.9E-05  3.9E-02  1.6828451E+00    324 2.2E+02
   516     20  2.6E-01    542  4.9E-05  2.5E-02  1.6824781E+00    328 2.2E+02
   517     30  3.6E-01    543  5.2E-05  5.8E-02  1.6820255E+00    324 2.2E+02
   518     24  3.9E-02    544  5.8E-05  2.5E-02  1.6818892E+00    323 2.2E+02
   519     18  1.6E-01    545  5.7E-05  3.3E-02  1.6816240E+00    330 2.2E+02

 Major Minors     Step   nCon Feasible  Optimal  MeritFunction     nS Penalty
   520     10  8.4E-02    546  5.7E-05  3.4E-02  1.6815206E+00    331 2.2E+02   R
   521     25  1.0E+00    547  1.6E-05  2.7E-02  1.6813772E+00    311 2.2E+02 s
   522      9  1.0E+00    548  1.3E-04  3.7E-02  1.6811112E+00    303 2.2E+02
   523     14  2.1E-01    549  1.5E-04  2.4E-02  1.6809922E+00    314 2.2E+02
   524      7  1.0E+00    550  1.1E-04  4.4E-03  1.6807508E+00    310 2.2E+02
   525      9  1.0E+00    551  2.7E-05  4.0E-03  1.6805815E+00    306 2.2E+02
   526     10  1.0E+00    552  4.4E-05  5.9E-03  1.6803658E+00    301 2.2E+02
   527     12  2.7E-01    553  6.8E-05  1.1E-02  1.6802396E+00    310 2.2E+02
   528      7  1.0E+00    554  1.0E-04  1.8E-02  1.6800901E+00    310 2.2E+02
   529     16  1.0E+00    555  1.6E-04  3.3E-02  1.6798889E+00    313 2.2E+02

 Major Minors     Step   nCon Feasible  Optimal  MeritFunction     nS Penalty
   530     19  1.1E-01    556  1.9E-04  1.1E-02  1.6798879E+00    308 2.2E+02
   531      9  4.2E-01    557  1.8E-04  1.2E-02  1.6798601E+00    306 2.2E+02
   532     17  1.0E+00    558  9.6E-05  2.3E-02  1.6797479E+00    304 2.2E+02
   533     17  3.5E-03    559  9.6E-05  1.6E-02  1.6797422E+00    307 2.2E+02
   534      9  4.6E-01    560  1.2E-04  1.3E-02  1.6796562E+00    309 2.2E+02
   535      7  1.0E+00    561  7.1E-05  7.8E-03  1.6794753E+00    309 2.2E+02
   536      8  1.0E+00    562  5.5E-05  6.8E-03  1.6792916E+00    308 2.2E+02
   537     16  1.0E+00    563  1.2E-05  4.3E-03  1.6790627E+00    299 2.2E+02
   538     18  1.0E+00    564  1.1E-04  2.1E-02  1.6788437E+00    304 2.2E+02
   539     18  3.8E-02    565  1.1E-04  1.1E-02  1.6787905E+00    310 2.2E+02

 Major Minors     Step   nCon Feasible  Optimal  MeritFunction     nS Penalty
   540     20  2.3E-02    566  1.1E-04  1.2E-02  1.6787302E+00    303 2.2E+02
   541     14  3.2E-01    567  8.2E-05  1.1E-02  1.6785574E+00    310 2.2E+02
   542     11  1.0E+00    568  1.3E-04  1.4E-02  1.6780697E+00    310 2.2E+02
   543      8  4.3E-01    569  1.7E-04  1.3E-02  1.6780062E+00    303 2.2E+02
   544      4  4.0E-01    570  1.8E-04  6.4E-03  1.6778776E+00    306 2.2E+02
   545     14  3.3E-01    571  1.3E-04  6.9E-03  1.6777938E+00    307 2.2E+02
   546     16  1.0E+00    572  1.0E-04  2.9E-02  1.6776830E+00    306 2.2E+02
   547     20  1.7E-02    573  1.1E-04  2.3E-02  1.6776451E+00    315 2.2E+02
   548     28  1.0E+00    574  2.1E-04  2.3E-02  1.6774608E+00    312 2.2E+02
   549     25  3.0E-02    575  2.1E-04  1.1E-02  1.6773691E+00    312 2.2E+02

 Major Minors     Step   nCon Feasible  Optimal  MeritFunction     nS Penalty
   550     21  1.0E+00    576  3.0E-05  5.8E-03  1.6769972E+00    300 2.2E+02
   551     15  2.4E-01    577  2.6E-05  6.5E-03  1.6768333E+00    294 2.2E+02
   552     20  3.0E-01    578  3.0E-05  6.8E-03  1.6766246E+00    305 2.2E+02
   553      9  1.0E+00    579  1.2E-04  4.4E-02  1.6765970E+00    301 2.2E+02
   554     29  3.3E-01    580  2.2E-04  4.0E-02  1.6764780E+00    313 2.2E+02
   555     15  4.7E-01    581  3.1E-04  4.8E-03  1.6761890E+00    309 2.2E+02
   556     17  1.0E+00    582  2.5E-05  9.0E-03  1.6758052E+00    309 2.2E+02
   557     16  1.0E+00    583  1.7E-04  4.3E-02  1.6755870E+00    306 2.2E+02
   558     22  1.0E+00    584  6.1E-04  2.9E-02  1.6754859E+00    309 2.2E+02
   559     10  1.0E+00    585  3.2E-04  8.1E-03  1.6753951E+00    304 2.2E+02

 Major Minors     Step   nCon Feasible  Optimal  MeritFunction     nS Penalty
   560     15  1.0E+00    586  4.8E-05  9.1E-03  1.6749392E+00    301 2.2E+02
   561     12  1.0E+00    587  6.3E-05  5.9E-02  1.6745000E+00    304 2.2E+02   R
   562      9  1.0E+00    588  1.5E-04  1.1E-02  1.6742943E+00    302 2.2E+02 s
   563     11  1.0E+00    589  4.7E-06  9.9E-03  1.6741656E+00    296 2.2E+02
   564      8  1.0E+00    590  4.5E-05  9.0E-02  1.6740512E+00    293 2.2E+02
   565     11  3.9E-01    591  8.9E-05  1.7E-01  1.6739698E+00    299 2.2E+02
   566      9  1.0E+00    592  2.2E-04  8.8E-03  1.6739464E+00    295 2.2E+02
   567      7  1.0E+00    593  4.8E-06  8.0E-03  1.6737708E+00    293 2.2E+02
   568     14  1.0E+00    594  1.2E-05  7.4E-03  1.6735636E+00    298 2.2E+02
   569      8  1.0E+00    595  3.3E-05  1.1E-01  1.6734617E+00    295 2.2E+02

 Major Minors     Step   nCon Feasible  Optimal  MeritFunction     nS Penalty
   570     12  1.0E+00    596  7.3E-05  1.5E-01  1.6733649E+00    296 2.2E+02
   571      6  1.0E+00    597  9.0E-05  4.9E-03  1.6732237E+00    293 2.2E+02
   572     11  1.0E+00    598  6.3E-06  4.7E-03  1.6731396E+00    293 2.2E+02
   573     17  1.0E+00    599  4.9E-05  5.1E-03  1.6729253E+00    297 2.2E+02
   574     11  1.0E+00    600  1.3E-05  2.4E-02  1.6728285E+00    295 2.2E+02
   575     14  1.0E+00    601  9.2E-06  2.4E-02  1.6726660E+00    300 2.2E+02
   576      5  8.9E-02    602  9.0E-06  2.1E-02  1.6726384E+00    300 2.2E+02
   577      8  1.0E+00    603  7.4E-05  1.6E-02  1.6725566E+00    299 2.2E+02
   578     16  1.0E+00    604  2.3E-04  3.3E-02  1.6724858E+00    300 2.2E+02
   579     10  5.0E-01    605  2.3E-04  4.9E-03  1.6723384E+00    301 2.2E+02

 Major Minors     Step   nCon Feasible  Optimal  MeritFunction     nS Penalty
   580     14  1.0E+00    606  9.3E-06  9.6E-03  1.6722159E+00    298 2.2E+02
   581     13  1.0E+00    607  1.4E-05  9.3E-03  1.6720934E+00    290 2.2E+02
   582     12  1.0E+00    608  7.8E-05  2.8E-02  1.6720423E+00    297 2.2E+02
   583     17  3.0E-01    609  1.0E-04  2.1E-02  1.6719909E+00    301 2.2E+02
   584      9  1.0E+00    610  7.9E-05  1.3E-02  1.6718222E+00    299 2.2E+02
   585     21  1.0E+00    611  4.5E-06  1.6E-02  1.6716832E+00    297 2.2E+02
   586     10  1.0E+00    612  1.6E-05  2.2E-02  1.6714500E+00    294 2.2E+02
   587     12  1.0E+00    613  3.1E-05  4.1E-02  1.6712491E+00    297 2.2E+02
   588     16  1.0E+00    614  6.3E-05  4.6E-02  1.6710660E+00    300 2.2E+02
   589     16  1.0E+00    615  5.0E-05  1.0E-02  1.6707898E+00    307 2.2E+02

 Major Minors     Step   nCon Feasible  Optimal  MeritFunction     nS Penalty
   590     12  1.0E+00    616  1.6E-05  6.1E-03  1.6705639E+00    300 2.2E+02
   591      8  2.4E-01    617  1.4E-05  5.0E-03  1.6704365E+00    299 2.2E+02
   592      7  2.2E-01    618  1.4E-05  5.2E-03  1.6703169E+00    301 2.2E+02
   593      8  3.1E-01    619  1.5E-05  1.2E-02  1.6702075E+00    298 2.2E+02
   594      6  1.0E+00    620  4.8E-05  2.5E-02  1.6699615E+00    295 2.2E+02
   595     24  4.5E-03    621  4.8E-05  2.4E-02  1.6699566E+00    306 2.2E+02
   596     14  1.0E+00    622  8.1E-05  7.8E-03  1.6697601E+00    301 2.2E+02
   597     24  1.0E+00    623  1.0E-05  1.6E-02  1.6696049E+00    310 2.2E+02
   598     13  1.0E+00    624  1.0E-04  8.2E-03  1.6695279E+00    303 2.2E+02
   599      7  1.0E+00    625  2.4E-05  6.2E-03  1.6693209E+00    297 2.2E+02

 Major Minors     Step   nCon Feasible  Optimal  MeritFunction     nS Penalty
   600     22  1.0E+00    626  8.6E-06  5.3E-03  1.6691720E+00    301 2.2E+02
   601     18  1.0E+00    627  4.3E-05  1.9E-02  1.6690976E+00    299 2.2E+02
   602     10  1.0E+00    628  1.6E-05  6.3E-03  1.6689906E+00    304 2.2E+02   R
   603     16  1.0E+00    629  3.6E-06  5.2E-03  1.6689415E+00    291 2.2E+02 s
   604     16  1.0E+00    630  1.2E-05  5.6E-03  1.6688509E+00    288 2.2E+02
   605     23  1.0E+00    631  1.4E-05  6.0E-03  1.6687618E+00    290 2.2E+02
   606     23  2.4E-01    632  2.7E-05  2.3E-02  1.6686861E+00    297 2.2E+02
   607     12  1.0E+00    633  1.5E-05  2.7E-03  1.6685772E+00    290 2.2E+02
   608     11  6.6E-02    634  1.4E-05  2.7E-03  1.6685590E+00    296 2.2E+02
   609     19  1.0E+00    635  1.4E-05  6.4E-03  1.6684351E+00    294 2.2E+02

 Major Minors     Step   nCon Feasible  Optimal  MeritFunction     nS Penalty
   610     13  1.0E+00    636  1.5E-05  9.0E-03  1.6683086E+00    289 2.2E+02
   611     14  1.0E+00    637  1.8E-05  3.4E-03  1.6681795E+00    292 2.2E+02
   612     16  1.0E+00    638  4.2E-05  1.5E-02  1.6680996E+00    289 2.2E+02
   613     31  2.3E-01    639  6.8E-05  1.3E-02  1.6680818E+00    293 2.2E+02
   614     13  1.0E+00    640  4.6E-05  4.1E-03  1.6679562E+00    285 2.2E+02
   615     10  1.0E+00    641  3.0E-05  4.3E-03  1.6678748E+00    286 2.2E+02
   616     11  1.0E+00    642  1.1E-05  6.7E-03  1.6677560E+00    280 2.2E+02
   617     14  1.0E+00    643  5.0E-06  5.7E-03  1.6676356E+00    281 2.2E+02
   618     11  1.0E+00    644  1.9E-05  1.0E-02  1.6674400E+00    279 2.2E+02
   619     15  2.5E-01    645  1.6E-05  8.3E-03  1.6673858E+00    285 2.2E+02

 Major Minors     Step   nCon Feasible  Optimal  MeritFunction     nS Penalty
   620     17  1.0E-01    646  1.6E-05  6.7E-03  1.6673540E+00    283 2.2E+02
   621     14  4.4E-01    647  3.6E-05  3.9E-03  1.6672098E+00    284 2.2E+02
   622     16  1.0E+00    648  4.3E-05  1.0E-02  1.6671656E+00    287 2.2E+02
   623     18  1.0E+00    649  1.4E-04  5.3E-03  1.6671606E+00    282 2.2E+02
   624     13  1.0E+00    650  2.6E-05  2.9E-03  1.6670941E+00    282 2.2E+02
   625     16  1.0E+00    651  3.5E-06  2.0E-03  1.6670404E+00    279 2.2E+02
   626     10  1.0E+00    652  3.5E-06  2.1E-03  1.6669853E+00    280 2.2E+02
   627     11  4.7E-01    653  5.3E-06  2.9E-03  1.6669301E+00    278 2.2E+02
   628     16  1.0E+00    654  9.4E-06  4.2E-03  1.6668307E+00    281 2.2E+02
   629     15  2.9E-01    655  8.7E-06  3.4E-03  1.6667964E+00    282 2.2E+02

 Major Minors     Step   nCon Feasible  Optimal  MeritFunction     nS Penalty
   630     10  1.5E-01    656  7.6E-06  3.3E-03  1.6667780E+00    279 2.2E+02
   631      8  1.7E-01    657  6.7E-06  2.6E-03  1.6667536E+00    280 2.2E+02
   632     10  1.0E+00    658  1.9E-05  1.2E-02  1.6666999E+00    281 2.2E+02
   633     18  5.6E-02    659  2.0E-05  5.8E-03  1.6666776E+00    282 2.2E+02
   634      6  1.0E+00    660  1.1E-05  3.2E-03  1.6666360E+00    277 2.2E+02
   635      8  1.0E+00    661  2.5E-06  3.9E-03  1.6665863E+00    280 2.2E+02
   636     10  1.0E+00    662  5.3E-06  3.9E-03  1.6665284E+00    275 2.2E+02
   637     11  1.0E+00    663  1.2E-05  2.4E-03  1.6664968E+00    275 2.2E+02
   638     13  1.0E+00    664  5.9E-06  2.8E-03  1.6664470E+00    271 2.2E+02
   639      7  1.0E+00    665  3.1E-06  2.5E-03  1.6663914E+00    275 2.2E+02

 Major Minors     Step   nCon Feasible  Optimal  MeritFunction     nS Penalty
   640      7  1.0E+00    666  5.0E-06  1.4E-03  1.6663511E+00    269 2.2E+02
   641     11  1.0E+00    667  1.2E-06  3.5E-03  1.6663022E+00    271 2.2E+02
   642     10  1.0E+00    668  7.5E-06  8.6E-03  1.6662329E+00    274 2.2E+02
   643     12  1.0E+00    669  6.7E-06  3.3E-03  1.6661743E+00    279 2.2E+02   R
   644      8  1.0E+00    670  4.3E-06  3.1E-03  1.6661591E+00    272 2.2E+02 s
   645      9  1.0E+00    671  3.4E-06  2.9E-03  1.6661391E+00    270 2.2E+02
   646      6  1.0E+00    672  5.8E-06  2.6E-03  1.6661276E+00    269 2.2E+02
   647      6  1.0E+00    673  2.7E-06  2.6E-03  1.6660974E+00    266 2.2E+02
   648      8  1.0E+00    674  3.0E-06  2.0E-03  1.6660670E+00    267 2.2E+02
   649      7  1.0E+00    675  2.9E-06  3.2E-03  1.6660472E+00    267 2.2E+02

 Major Minors     Step   nCon Feasible  Optimal  MeritFunction     nS Penalty
   650     14  1.0E+00    676  2.8E-06  2.9E-03  1.6660251E+00    274 2.2E+02
   651      9  1.0E+00    677  1.1E-05  2.3E-03  1.6659960E+00    270 2.2E+02
   652     12  1.0E+00    678  3.7E-06  2.5E-03  1.6659603E+00    273 2.2E+02
   653      9  1.0E+00    679  3.3E-06  1.7E-03  1.6659157E+00    269 2.2E+02
   654      8  1.0E+00    680  3.4E-06  3.0E-03  1.6658647E+00    272 2.2E+02
   655      9  1.0E+00    681  6.9E-06  4.2E-03  1.6658163E+00    272 2.2E+02
   656     11  1.0E+00    682  5.0E-06  2.0E-03  1.6657677E+00    270 2.2E+02
   657      5  1.0E+00    683  1.6E-05  3.8E-03  1.6657338E+00    270 2.2E+02
   658     11  1.0E+00    684  5.2E-06  4.6E-03  1.6656878E+00    272 2.2E+02
   659     12  1.0E+00    685  5.6E-06  6.5E-03  1.6656056E+00    271 2.2E+02

 Major Minors     Step   nCon Feasible  Optimal  MeritFunction     nS Penalty
   660     14  1.0E+00    686  1.0E-05  1.2E-02  1.6654799E+00    270 2.2E+02
   661      9  1.0E+00    687  9.5E-06  1.6E-02  1.6653380E+00    270 2.2E+02
   662     10  1.0E+00    688  1.1E-05  1.6E-02  1.6652155E+00    273 2.2E+02
   663     17  1.0E+00    689  1.2E-05  1.9E-02  1.6650729E+00    277 2.2E+02
   664     15  1.0E+00    690  1.7E-05  1.3E-02  1.6649581E+00    281 2.2E+02
   665     13  3.6E-04    691  1.7E-05  1.3E-02  1.6649580E+00    277 2.2E+02
   666     28  2.6E-01    692  1.8E-05  1.8E-02  1.6648583E+00    274 2.2E+02
   667     16  1.1E-01    693  2.5E-05  1.1E-02  1.6647867E+00    273 2.2E+02
   668     12  1.9E-01    694  2.2E-05  2.0E-02  1.6647375E+00    282 2.2E+02
   669     17  4.2E-01    695  3.1E-05  8.0E-03  1.6646658E+00    278 2.2E+02

 Major Minors     Step   nCon Feasible  Optimal  MeritFunction     nS Penalty
   670     13  9.6E-02    696  2.8E-05  7.8E-03  1.6646429E+00    280 2.2E+02
   671     13  1.0E+00    697  4.2E-05  1.3E-01  1.6645638E+00    278 2.2E+02
   672     19  1.0E+00    698  9.9E-05  1.6E-02  1.6645052E+00    280 2.2E+02
   673     16  1.0E+00    699  3.0E-05  4.4E-03  1.6644090E+00    275 2.2E+02
   674     16  1.0E+00    700  5.2E-06  5.4E-03  1.6643403E+00    268 2.2E+02
   675     10  1.0E+00    701  1.0E-05  4.6E-02  1.6642643E+00    269 2.2E+02
   676     11  1.0E+00    702  3.6E-06  1.7E-02  1.6641864E+00    271 2.2E+02
   677     16  1.0E+00    703  2.1E-05  6.4E-03  1.6640956E+00    276 2.2E+02
   678     10  1.0E+00    704  1.6E-05  3.8E-03  1.6640227E+00    277 2.2E+02
   679     13  1.0E+00    705  9.1E-06  3.5E-03  1.6639487E+00    276 2.2E+02

 Major Minors     Step   nCon Feasible  Optimal  MeritFunction     nS Penalty
   680     19  1.0E+00    706  2.6E-05  5.9E-02  1.6639241E+00    272 2.2E+02
   681     24  4.1E-01    707  6.3E-05  1.3E-01  1.6638860E+00    281 2.2E+02
   682     11  3.8E-01    708  8.7E-05  3.1E-03  1.6638619E+00    281 2.2E+02
   683     17  1.0E+00    709  9.9E-06  3.0E-03  1.6637895E+00    273 2.2E+02
   684     13  1.0E+00    710  9.1E-06  4.4E-02  1.6637008E+00    281 2.2E+02   R
   685     13  1.0E+00    711  4.2E-06  3.4E-03  1.6636570E+00    273 2.2E+02 s
   686     10  1.0E+00    712  4.5E-06  3.5E-03  1.6636009E+00    272 2.2E+02
   687      8  4.9E-01    713  6.5E-06  3.7E-03  1.6635578E+00    273 2.2E+02
   688     10  1.0E+00    714  1.0E-05  3.8E-03  1.6635102E+00    268 2.2E+02
   689      8  1.0E+00    715  4.5E-06  3.4E-03  1.6634720E+00    267 2.2E+02

 Major Minors     Step   nCon Feasible  Optimal  MeritFunction     nS Penalty
   690      7  1.0E+00    716  6.0E-06  1.4E-02  1.6634418E+00    264 2.2E+02
   691      2  1.0E+00    717  2.3E-06  2.0E-02  1.6634184E+00    263 2.2E+02
   692      2  1.0E+00    718  2.1E-06  3.3E-03  1.6633968E+00    264 2.2E+02
   693      6  1.0E+00    719  4.0E-06  3.9E-03  1.6633808E+00    265 2.2E+02
   694      4  1.0E+00    720  2.3E-06  2.5E-03  1.6633609E+00    264 2.2E+02
   695      5  1.0E+00    721 (9.3E-07) 2.1E-03  1.6633350E+00    264 2.2E+02
   696      4  1.0E+00    722  2.0E-06  1.7E-03  1.6633049E+00    263 2.2E+02
   697      4  1.0E+00    723  2.9E-06  1.5E-03  1.6632830E+00    264 2.2E+02
   698      3  1.0E+00    724  3.2E-06  1.4E-03  1.6632661E+00    264 2.2E+02
   699      4  1.0E+00    725  1.7E-06  9.9E-04  1.6632476E+00    263 2.2E+02

 Major Minors     Step   nCon Feasible  Optimal  MeritFunction     nS Penalty
   700      3  1.0E+00    726  2.3E-06  1.1E-03  1.6632317E+00    263 2.2E+02
   701      5  1.0E+00    727 (6.4E-07) 1.2E-03  1.6632183E+00    263 2.2E+02
   702      3  1.0E+00    728 (1.0E-06) 7.8E-04  1.6632018E+00    263 2.2E+02
   703      4  1.0E+00    729  1.1E-06  6.5E-04  1.6631903E+00    266 2.2E+02
   704      6  1.0E+00    730  2.4E-06  9.8E-04  1.6631839E+00    265 2.2E+02
   705      2  1.0E+00    731  1.1E-06  7.5E-04  1.6631746E+00    264 2.2E+02
   706      3  1.0E+00    732  1.6E-06  8.2E-04  1.6631642E+00    262 2.2E+02
   707      3  1.0E+00    733  1.8E-06  2.0E-03  1.6631573E+00    260 2.2E+02
   708      2  1.0E+00    734  1.2E-06  1.1E-03  1.6631450E+00    259 2.2E+02
   709      5  1.0E+00    735  1.0E-06  1.7E-03  1.6631269E+00    263 2.2E+02

 Major Minors     Step   nCon Feasible  Optimal  MeritFunction     nS Penalty
   710      4  1.0E+00    736 (5.0E-07) 2.1E-03  1.6631004E+00    260 2.2E+02
   711      4  1.0E+00    737 (2.2E-07) 2.1E-03  1.6630724E+00    261 2.2E+02
   712      6  1.0E+00    738 (9.2E-07) 1.6E-03  1.6630544E+00    264 2.2E+02
   713      3  1.0E+00    739  5.4E-06  4.1E-03  1.6630421E+00    262 2.2E+02
   714      3  1.0E+00    740  3.2E-06  1.6E-03  1.6630265E+00    260 2.2E+02
   715      8  1.0E+00    741  2.1E-06  1.7E-03  1.6629941E+00    259 2.2E+02
   716      2  1.0E+00    742  2.6E-06  1.7E-03  1.6629487E+00    258 2.2E+02
   717      4  1.0E+00    743  3.5E-06  1.4E-03  1.6629082E+00    259 2.2E+02
   718      9  1.0E+00    744  2.5E-06  1.7E-03  1.6628851E+00    261 2.2E+02
   719      4  1.0E+00    745  3.7E-06  2.9E-03  1.6628704E+00    260 2.2E+02

 Major Minors     Step   nCon Feasible  Optimal  MeritFunction     nS Penalty
   720      6  1.0E+00    746  3.4E-06  4.2E-03  1.6628615E+00    261 2.2E+02
   721      3  1.0E+00    747  2.1E-06  1.6E-03  1.6628462E+00    261 2.2E+02
   722      3  1.0E+00    748 (3.0E-07) 1.3E-03  1.6628342E+00    259 2.2E+02
   723      2  1.0E+00    749 (1.1E-07) 1.3E-03  1.6628230E+00    258 2.2E+02
   724      1  1.0E+00    750 (7.0E-07) 1.4E-03  1.6628186E+00    258 2.2E+02
   725      1  1.0E+00    751 (8.1E-07) 1.4E-03  1.6628159E+00    258 2.2E+02   R
   726      3  1.0E+00    752 (1.9E-07) 1.3E-03  1.6628131E+00    256 2.2E+02 s
   727      3  1.0E+00    753  1.4E-06  1.3E-03  1.6628088E+00    256 2.2E+02
   728      2  1.0E+00    754  1.3E-06  1.4E-03  1.6628034E+00    255 2.2E+02
   729      2  1.0E+00    755  1.3E-06  1.4E-03  1.6628000E+00    254 2.2E+02

 Major Minors     Step   nCon Feasible  Optimal  MeritFunction     nS Penalty
   730      2  1.0E+00    756  1.0E-06  1.4E-03  1.6627926E+00    253 2.2E+02
   731      2  1.0E+00    757  1.9E-06  1.4E-03  1.6627874E+00    252 2.2E+02
   732      5  1.0E+00    758  1.1E-06  7.5E-04  1.6627795E+00    254 2.2E+02
   733      2  1.0E+00    759  2.4E-06  1.7E-03  1.6627776E+00    253 2.2E+02
   734      3  1.0E+00    760  1.1E-06  8.8E-04  1.6627706E+00    253 2.2E+02
   735      1  1.0E+00    761  1.4E-06  8.0E-04  1.6627660E+00    253 2.2E+02
   736      3  1.0E+00    762 (6.2E-07) 8.1E-04  1.6627574E+00    253 2.2E+02
   737      3  1.0E+00    763  2.0E-06  1.3E-03  1.6627449E+00    253 2.2E+02
   738      3  1.0E+00    764  2.1E-06  1.2E-03  1.6627359E+00    253 2.2E+02
   739      5  1.0E+00    765  1.9E-06  1.1E-03  1.6627180E+00    255 2.2E+02

 Major Minors     Step   nCon Feasible  Optimal  MeritFunction     nS Penalty
   740      5  1.0E+00    766  2.4E-06  1.3E-03  1.6627022E+00    253 2.2E+02
   741      6  1.0E+00    767  2.5E-06  1.4E-03  1.6626877E+00    254 2.2E+02
   742      2  1.0E+00    768  2.2E-06  1.1E-03  1.6626717E+00    255 2.2E+02
   743      3  1.0E+00    769  3.3E-06  1.0E-03  1.6626607E+00    255 2.2E+02
   744      2  1.0E+00    770  2.7E-06  1.9E-03  1.6626509E+00    254 2.2E+02
   745      3  1.0E+00    771  2.2E-06  8.9E-04  1.6626382E+00    254 2.2E+02
   746      6  1.0E+00    772  1.7E-06  1.6E-03  1.6626230E+00    253 2.2E+02
   747      2  1.0E+00    773  2.9E-06  1.7E-03  1.6626026E+00    254 2.2E+02
   748      3  1.0E+00    774  3.5E-06  2.4E-03  1.6625835E+00    252 2.2E+02
   749      5  1.0E+00    775  2.6E-06  3.9E-03  1.6625536E+00    254 2.2E+02

 Major Minors     Step   nCon Feasible  Optimal  MeritFunction     nS Penalty
   750      4  1.0E+00    776  3.7E-06  3.1E-03  1.6625311E+00    253 2.2E+02
   751      4  1.0E+00    777  8.3E-06  3.7E-03  1.6625155E+00    252 2.2E+02
   752      9  1.0E+00    778  5.6E-06  3.4E-03  1.6624745E+00    260 2.2E+02
   753      9  1.0E+00    779  1.0E-05  2.9E-03  1.6624338E+00    254 2.2E+02
   754      8  1.0E+00    780  7.2E-06  1.8E-03  1.6623903E+00    255 2.2E+02
   755      9  1.0E+00    781  1.3E-05  1.9E-03  1.6623628E+00    259 2.2E+02
   756      4  1.0E+00    782  2.1E-05  2.6E-03  1.6623594E+00    260 2.2E+02
   757      2  1.0E+00    783  8.3E-06  1.9E-03  1.6623308E+00    259 2.2E+02
   758      5  1.0E+00    784  4.5E-06  1.3E-03  1.6623120E+00    259 2.2E+02
   759      3  4.0E-01    785  3.8E-06  1.2E-03  1.6623025E+00    257 2.2E+02

 Major Minors     Step   nCon Feasible  Optimal  MeritFunction     nS Penalty
   760      3  1.0E+00    786  5.2E-06  2.4E-03  1.6623022E+00    259 2.2E+02
   761      4  1.0E+00    787  7.5E-06  1.4E-03  1.6622976E+00    258 2.2E+02
   762      3  1.0E+00    788  7.0E-06  1.2E-03  1.6622910E+00    256 2.2E+02
   763      2  1.0E+00    789  3.6E-06  1.3E-03  1.6622797E+00    257 2.2E+02
   764      3  1.0E+00    790  3.8E-06  1.4E-03  1.6622752E+00    255 2.2E+02
   765      2  1.0E+00    791  2.2E-06  9.5E-04  1.6622668E+00    254 2.2E+02
   766      2  1.0E+00    792  1.7E-06  8.1E-04  1.6622629E+00    253 2.2E+02   R
   767      1  1.0E+00    793  2.1E-06  1.1E-03  1.6622614E+00    253 2.2E+02 s
   768      2  1.0E+00    794 (3.3E-07) 7.2E-04  1.6622576E+00    254 2.2E+02
   769      3  1.0E+00    795 (9.5E-08) 6.8E-04  1.6622559E+00    252 2.2E+02

 Major Minors     Step   nCon Feasible  Optimal  MeritFunction     nS Penalty
   770      3  1.0E+00    796 (2.8E-07) 6.3E-04  1.6622512E+00    252 2.2E+02
   771      3  1.0E+00    797 (4.6E-07) 9.6E-04  1.6622450E+00    252 2.2E+02
   772      2  1.0E+00    798 (5.7E-07) 5.5E-04  1.6622376E+00    251 2.2E+02
   773      1  1.0E+00    799 (5.2E-07) 5.8E-04  1.6622337E+00    251 2.2E+02
   774      2  1.0E+00    800 (1.1E-07) 6.1E-04  1.6622308E+00    250 2.2E+02
   775      2  1.0E+00    801 (3.4E-07) 6.3E-04  1.6622256E+00    251 2.2E+02
   776      3  1.0E+00    802 (2.7E-07) 6.6E-04  1.6622212E+00    251 2.2E+02
   777      1  1.0E+00    803 (1.4E-07) 8.4E-04  1.6622182E+00    251 2.2E+02
   778      1  1.0E+00    804 (2.1E-07) 6.6E-04  1.6622153E+00    251 2.2E+02
   779      1  1.0E+00    805 (1.5E-07) 6.5E-04  1.6622129E+00    251 2.2E+02

 Major Minors     Step   nCon Feasible  Optimal  MeritFunction     nS Penalty
   780      1  1.0E+00    806 (1.6E-07) 6.4E-04  1.6622105E+00    251 2.2E+02
   781      1  1.0E+00    807 (1.1E-07) 6.3E-04  1.6622072E+00    251 2.2E+02
   782      3  1.0E+00    808 (4.4E-07) 6.1E-04  1.6622031E+00    251 2.2E+02
   783      1  1.0E+00    809 (1.3E-07) 5.9E-04  1.6622003E+00    251 2.2E+02
   784      2  1.0E+00    810 (3.2E-07) 2.6E-03  1.6621957E+00    250 2.2E+02
   785      3  1.0E+00    811 (3.3E-07) 6.3E-04  1.6621909E+00    252 2.2E+02
   786      3  1.0E+00    812 (3.9E-07) 1.0E-03  1.6621854E+00    252 2.2E+02
   787      3  1.0E+00    813 (3.7E-07) 1.5E-03  1.6621788E+00    250 2.2E+02
   788      1  1.0E+00    814 (5.0E-07) 2.1E-03  1.6621690E+00    250 2.2E+02
   789      5  1.0E+00    815  1.0E-06  2.5E-03  1.6621595E+00    252 2.2E+02

 Major Minors     Step   nCon Feasible  Optimal  MeritFunction     nS Penalty
   790      6  3.5E-01    816  1.8E-06  2.4E-03  1.6621568E+00    253 2.2E+02
   791      5  1.0E+00    817 (3.9E-07) 2.2E-03  1.6621490E+00    251 2.2E+02
   792      3  1.0E+00    818 (9.7E-07) 2.0E-03  1.6621387E+00    253 2.2E+02
   793      4  1.0E+00    819 (8.0E-07) 1.6E-03  1.6621315E+00    254 2.2E+02
   794      2  1.0E+00    820 (4.2E-07) 1.5E-03  1.6621244E+00    253 2.2E+02
   795      3  1.0E+00    821 (5.5E-07) 1.2E-03  1.6621173E+00    255 2.2E+02
   796      2  1.0E+00    822 (4.9E-07) 9.6E-04  1.6621101E+00    254 2.2E+02
   797      1  1.0E+00    823 (5.3E-07) 8.6E-04  1.6621012E+00    254 2.2E+02
   798      1  1.0E+00    824 (8.2E-07) 7.9E-04  1.6620913E+00    254 2.2E+02
   799      5  1.0E+00    825 (6.9E-07) 3.9E-03  1.6620839E+00    255 2.2E+02

 Major Minors     Step   nCon Feasible  Optimal  MeritFunction     nS Penalty
   800      4  1.0E+00    826 (8.9E-07) 6.9E-04  1.6620773E+00    256 2.2E+02
   801      6  1.0E+00    827 (4.0E-07) 6.3E-04  1.6620713E+00    252 2.2E+02
   802      3  1.0E+00    828 (2.7E-07) 5.8E-04  1.6620656E+00    250 2.2E+02
   803      2  1.0E+00    829 (3.6E-07) 5.2E-04  1.6620603E+00    251 2.2E+02
   804      1  1.0E+00    830 (2.7E-07) 5.0E-04  1.6620575E+00    251 2.2E+02
   805      2  1.0E+00    831 (2.6E-07) 5.0E-04  1.6620551E+00    252 2.2E+02
   806      2  1.0E+00    832 (2.4E-07) 5.1E-04  1.6620529E+00    251 2.2E+02
   807      3  1.0E+00    833 (2.3E-07) 5.1E-04  1.6620503E+00    253 2.2E+02   R
   808      2  1.0E+00    834 (6.3E-08) 5.2E-04  1.6620487E+00    252 2.2E+02 s
   809      1  1.0E+00    835 (5.5E-07) 5.5E-04  1.6620459E+00    252 2.2E+02

 Major Minors     Step   nCon Feasible  Optimal  MeritFunction     nS Penalty
   810      2  1.0E+00    836 (6.6E-07) 5.6E-04  1.6620454E+00    251 2.2E+02
   811      2  1.0E+00    837 (2.5E-07) 6.4E-04  1.6620438E+00    250 2.2E+02
   812      1  1.0E+00    838 (2.9E-07) 5.7E-04  1.6620424E+00    250 2.2E+02
   813      2  1.0E+00    839 (2.7E-07) 1.5E-03  1.6620405E+00    249 2.2E+02
   814      3  1.0E+00    840 (3.2E-07) 5.8E-04  1.6620382E+00    251 2.2E+02
   815      5  1.0E+00    841 (9.3E-07) 8.5E-04  1.6620345E+00    253 2.2E+02
   816      2  1.0E+00    842  2.5E-06  1.5E-03  1.6620327E+00    252 2.2E+02
   817      3  1.0E+00    843  1.1E-06  1.3E-03  1.6620258E+00    250 2.2E+02
   818      1  1.0E+00    844 (7.1E-07) 1.1E-03  1.6620208E+00    250 2.2E+02
   819      2  1.0E+00    845 (6.4E-07) 1.0E-03  1.6620172E+00    251 2.2E+02

 Major Minors     Step   nCon Feasible  Optimal  MeritFunction     nS Penalty
   820      2  1.0E+00    846 (7.3E-07) 8.9E-04  1.6620105E+00    250 2.2E+02
   821      2  1.0E+00    847 (8.7E-07) 7.1E-04  1.6619994E+00    251 2.2E+02
   822      2  1.0E+00    848 (6.4E-07) 5.3E-04  1.6619932E+00    252 2.2E+02
   823      2  1.0E+00    849  1.3E-06  6.9E-04  1.6619886E+00    253 2.2E+02
   824      4  1.0E+00    850 (8.6E-07) 4.9E-04  1.6619817E+00    252 2.2E+02
   825      2  1.0E+00    851  1.0E-06  1.1E-03  1.6619731E+00    251 2.2E+02
   826      1  1.0E+00    852  1.4E-06  1.3E-03  1.6619656E+00    251 2.2E+02
   827      2  1.0E+00    853  1.3E-06  1.2E-03  1.6619595E+00    252 2.2E+02
   828      1  1.0E+00    854 (8.2E-07) 4.1E-04  1.6619530E+00    252 2.2E+02
   829      2  1.0E+00    855  1.6E-06  5.8E-04  1.6619471E+00    253 2.2E+02

 Major Minors     Step   nCon Feasible  Optimal  MeritFunction     nS Penalty
   830      2  1.0E+00    856  1.2E-06  4.6E-04  1.6619390E+00    254 2.2E+02
   831      3  1.0E+00    857  1.8E-06  8.5E-04  1.6619306E+00    254 2.2E+02
   832      4  1.0E+00    858  1.5E-06  6.4E-04  1.6619177E+00    255 2.2E+02
   833      3  1.0E+00    859  6.0E-06  1.1E-03  1.6619094E+00    257 2.2E+02
   834      3  1.0E+00    860  2.5E-06  9.1E-04  1.6618928E+00    255 2.2E+02
   835      1  1.0E+00    861  1.7E-06  8.7E-04  1.6618832E+00    255 2.2E+02
   836      3  1.0E+00    862  2.5E-06  1.3E-03  1.6618687E+00    257 2.2E+02
   837      5  1.0E+00    863  3.9E-06  1.9E-03  1.6618495E+00    257 2.2E+02
   838      6  1.0E+00    864  2.7E-06  1.7E-03  1.6618306E+00    256 2.2E+02
   839      6  1.0E+00    865  4.3E-06  8.3E-04  1.6618133E+00    255 2.2E+02

 Major Minors     Step   nCon Feasible  Optimal  MeritFunction     nS Penalty
   840      4  1.0E+00    866  4.1E-06  7.9E-04  1.6617874E+00    256 2.2E+02
   841      8  1.0E+00    867  4.7E-06  1.3E-03  1.6617685E+00    256 2.2E+02
   842      7  1.0E+00    868  5.3E-06  6.2E-04  1.6617536E+00    254 2.2E+02
   843      6  1.0E+00    869  2.8E-06  7.2E-04  1.6617379E+00    255 2.2E+02
   844      2  1.0E+00    870  1.9E-06  7.0E-04  1.6617253E+00    254 2.2E+02
   845      5  1.0E+00    871  2.2E-06  6.9E-04  1.6617180E+00    254 2.2E+02
   846      3  1.0E+00    872  1.7E-06  7.2E-04  1.6617106E+00    252 2.2E+02
   847      2  1.0E+00    873  1.3E-06  7.4E-04  1.6617033E+00    253 2.2E+02
   848      2  1.0E+00    874  1.1E-06  6.6E-04  1.6616923E+00    252 2.2E+02   R
   849      1  1.0E+00    875  1.8E-06  7.3E-04  1.6616865E+00    252 2.2E+02 s

 Major Minors     Step   nCon Feasible  Optimal  MeritFunction     nS Penalty
   850      3  1.0E+00    876 (3.6E-07) 4.5E-04  1.6616821E+00    252 2.2E+02
   851      6  1.0E+00    877 (5.7E-07) 4.1E-04  1.6616757E+00    253 2.2E+02
   852      2  1.0E+00    878 (5.5E-07) 5.3E-04  1.6616669E+00    252 2.2E+02
   853      4  1.0E+00    879  1.2E-06  6.2E-04  1.6616547E+00    253 2.2E+02
   854      2  1.0E+00    880 (7.3E-07) 6.9E-04  1.6616455E+00    252 2.2E+02
   855      5  1.0E+00    881 (6.3E-07) 5.6E-04  1.6616336E+00    252 2.2E+02
   856      2  1.0E+00    882  1.4E-06  8.2E-04  1.6616163E+00    253 2.2E+02
   857      4  1.0E+00    883  1.1E-06  9.6E-04  1.6615977E+00    252 2.2E+02
   858      6  1.0E+00    884  2.3E-06  1.6E-03  1.6615716E+00    253 2.2E+02
   859      3  1.0E+00    885  1.4E-06  1.2E-03  1.6615521E+00    253 2.2E+02

 Major Minors     Step   nCon Feasible  Optimal  MeritFunction     nS Penalty
   860      2  1.0E+00    886  2.7E-06  9.3E-04  1.6615256E+00    252 2.2E+02
   861      3  1.0E+00    887  1.2E-06  2.7E-03  1.6615008E+00    252 2.2E+02
   862      4  1.0E+00    888  1.7E-06  8.6E-04  1.6614706E+00    251 2.2E+02
   863      2  1.0E+00    889  1.9E-06  8.5E-04  1.6614522E+00    250 2.2E+02
   864      3  1.0E+00    890  1.1E-06  8.9E-04  1.6614396E+00    250 2.2E+02
   865      4  1.0E+00    891  1.8E-06  8.6E-04  1.6614253E+00    249 2.2E+02
   866      5  1.0E+00    892  1.0E-06  1.2E-03  1.6614062E+00    251 2.2E+02
   867      4  1.0E+00    893  5.7E-06  1.2E-03  1.6613857E+00    252 2.2E+02
   868      2  1.0E+00    894  2.8E-06  1.0E-03  1.6613717E+00    253 2.2E+02
   869      6  1.0E+00    895 (4.0E-07) 9.0E-04  1.6613584E+00    249 2.2E+02

 Major Minors     Step   nCon Feasible  Optimal  MeritFunction     nS Penalty
   870      4  1.0E+00    896  2.6E-06  1.4E-03  1.6613236E+00    250 2.2E+02
   871      9  1.0E+00    897  1.6E-06  1.9E-03  1.6612860E+00    250 2.2E+02
   872      8  1.0E+00    898  1.9E-06  9.7E-03  1.6611739E+00    249 2.2E+02
   873     20  5.0E-01    899  5.1E-06  9.7E-03  1.6611151E+00    260 2.2E+02
   874     22  1.9E-01    900  2.2E-05  7.1E-03  1.6610613E+00    257 2.2E+02
   875     10  1.0E+00    901  1.5E-05  1.8E-03  1.6609214E+00    254 2.2E+02
   876     12  1.0E+00    902  7.9E-06  2.1E-03  1.6608500E+00    253 2.2E+02
   877      7  1.0E+00    903  5.6E-06  4.6E-03  1.6607875E+00    257 2.2E+02
   878      4  1.0E+00    904  7.2E-06  2.2E-03  1.6607417E+00    256 2.2E+02
   879      4  1.0E+00    905  7.9E-06  2.2E-03  1.6607105E+00    253 2.2E+02

 Major Minors     Step   nCon Feasible  Optimal  MeritFunction     nS Penalty
   880      6  1.0E+00    906  1.0E-05  5.6E-03  1.6606684E+00    256 2.2E+02
   881      5  1.0E+00    907  1.2E-05  2.2E-03  1.6606226E+00    258 2.2E+02
   882      9  1.0E+00    908  4.9E-06  2.2E-03  1.6605615E+00    253 2.2E+02
   883      9  1.0E+00    909  1.1E-05  1.6E-03  1.6604614E+00    255 2.2E+02
   884      6  1.0E+00    910  1.1E-05  2.4E-03  1.6603488E+00    256 2.2E+02
   885      7  1.0E+00    911  1.2E-05  1.5E-03  1.6602485E+00    256 2.2E+02
   886      7  1.0E+00    912  1.6E-05  2.0E-03  1.6602096E+00    256 2.2E+02
   887      7  1.0E+00    913  7.9E-06  1.0E-03  1.6601767E+00    254 2.2E+02
   888      5  1.0E+00    914  2.7E-06  1.2E-03  1.6601467E+00    254 2.2E+02
   889      6  1.0E+00    915  3.0E-06  9.2E-04  1.6601234E+00    253 2.2E+02   R

 Major Minors     Step   nCon Feasible  Optimal  MeritFunction     nS Penalty
   890      3  1.0E+00    916  3.0E-06  8.1E-04  1.6601145E+00    251 2.2E+02 s
   891      5  1.0E+00    917 (3.0E-07) 7.9E-04  1.6601066E+00    249 2.2E+02
   892      3  1.0E+00    918 (7.3E-07) 7.7E-04  1.6600958E+00    251 2.2E+02
   893      1  1.0E+00    919 (8.0E-07) 1.9E-03  1.6600873E+00    251 2.2E+02
   894      4  1.0E+00    920  1.8E-06  1.3E-03  1.6600798E+00    251 2.2E+02
   895      4  1.0E+00    921  1.0E-06  7.1E-04  1.6600701E+00    250 2.2E+02
   896      2  1.0E+00    922 (5.0E-07) 3.3E-04  1.6600628E+00    249 2.2E+02
   897      3  1.0E+00    923 (5.0E-07) 4.6E-04  1.6600570E+00    249 2.2E+02
   898      3  1.0E+00    924 (3.4E-07) 4.9E-04  1.6600538E+00    249 2.2E+02
   899      2  1.0E+00    925 (3.4E-07) 4.8E-04  1.6600504E+00    248 2.2E+02

 Major Minors     Step   nCon Feasible  Optimal  MeritFunction     nS Penalty
   900      1  1.0E+00    926 (3.9E-07) 4.7E-04  1.6600460E+00    248 2.2E+02
   901      2  1.0E+00    927 (4.1E-07) 8.1E-04  1.6600414E+00    247 2.2E+02
   902      3  1.0E+00    928 (6.0E-07) 5.8E-04  1.6600358E+00    247 2.2E+02
   903      6  1.0E+00    929 (4.2E-07) 4.7E-04  1.6600312E+00    248 2.2E+02
   904      5  1.0E+00    930 (4.7E-07) 3.0E-04  1.6600269E+00    248 2.2E+02
   905      2  1.0E+00    931 (3.6E-07) 2.9E-04  1.6600241E+00    247 2.2E+02
   906      1  1.0E+00    932 (3.2E-07) 3.6E-04  1.6600216E+00    247 2.2E+02
   907      3  1.0E+00    933 (2.9E-07) 2.9E-04  1.6600189E+00    247 2.2E+02
   908      2  1.0E+00    934 (4.2E-07) 3.1E-04  1.6600156E+00    248 2.2E+02
   909      1  1.0E+00    935 (3.4E-07) 4.1E-04  1.6600119E+00    248 2.2E+02

 Major Minors     Step   nCon Feasible  Optimal  MeritFunction     nS Penalty
   910      2  1.0E+00    936 (7.5E-07) 5.8E-04  1.6600066E+00    247 2.2E+02
   911      1  1.0E+00    937 (5.1E-07) 6.8E-04  1.6600014E+00    247 2.2E+02
   912      4  1.0E+00    938 (8.3E-07) 4.0E-04  1.6599943E+00    248 2.2E+02
   913      1  1.0E+00    939 (5.6E-07) 3.2E-04  1.6599881E+00    248 2.2E+02
   914      2  1.0E+00    940  1.7E-06  9.2E-04  1.6599807E+00    247 2.2E+02
   915      3  1.0E+00    941 (3.6E-07) 8.7E-04  1.6599728E+00    247 2.2E+02
   916      3  1.0E+00    942  2.3E-06  9.7E-04  1.6599553E+00    249 2.2E+02
   917      4  1.0E+00    943 (3.5E-07) 1.3E-03  1.6599493E+00    248 2.2E+02
   918      1  1.0E+00    944 (4.2E-07) 6.6E-04  1.6599441E+00    248 2.2E+02
   919      1  1.0E+00    945 (1.7E-07) 4.1E-04  1.6599409E+00    248 2.2E+02

 Major Minors     Step   nCon Feasible  Optimal  MeritFunction     nS Penalty
   920      2  1.0E+00    946 (2.4E-07) 3.6E-04  1.6599376E+00    247 2.2E+02
   921      1  1.0E+00    947 (1.3E-07) 2.9E-04  1.6599352E+00    247 2.2E+02
   922      1  1.0E+00    948 (1.1E-07) 2.1E-04  1.6599330E+00    247 2.2E+02
   923      2  1.0E+00    949 (6.7E-08) 1.7E-04  1.6599315E+00    246 2.2E+02
   924      1  1.0E+00    950 (3.0E-08) 1.6E-04  1.6599302E+00    246 2.2E+02
   925      1  1.0E+00    951 (1.9E-08) 1.8E-04  1.6599288E+00    246 2.2E+02
   926      1  1.0E+00    952 (1.4E-08) 2.1E-04  1.6599277E+00    246 2.2E+02
   927      1  1.0E+00    953 (0.0E+00) 2.3E-04  1.6599269E+00    246 2.2E+02
   928      2  1.0E+00    954 (1.4E-09) 2.3E-04  1.6599258E+00    245 2.2E+02
   929      2  1.0E+00    955 (0.0E+00) 2.2E-04  1.6599247E+00    244 2.2E+02

 Major Minors     Step   nCon Feasible  Optimal  MeritFunction     nS Penalty
   930      1  1.0E+00    956 (1.1E-08) 1.9E-04  1.6599242E+00    244 2.2E+02   R
   931      2  1.0E+00    957 (0.0E+00) 1.8E-04  1.6599239E+00    245 2.2E+02 s
   932      1  1.0E+00    958 (2.4E-07) 3.3E-04  1.6599236E+00    245 2.2E+02
   933      2  1.0E+00    959 (2.7E-07) 3.5E-04  1.6599229E+00    244 2.2E+02
   934      2  1.0E+00    960 (3.3E-07) 2.1E-04  1.6599225E+00    245 2.2E+02
   935      3  1.0E+00    961 (3.6E-07) 4.2E-04  1.6599224E+00    243 2.2E+02
   936      1  1.0E+00    962 (4.7E-07) 1.9E-04  1.6599220E+00    243 2.2E+02
   937      1  1.0E+00    963 (5.3E-07) 3.2E-04  1.6599217E+00    243 2.2E+02
   938      1  1.0E+00    964 (4.9E-07) 3.1E-04  1.6599210E+00    243 2.2E+02
   939      1  4.5E-01    965 (3.9E-07) 9.1E-05  1.6599203E+00    243 2.2E+02

 Major Minors     Step   nCon Feasible  Optimal  MeritFunction     nS Penalty
   940      1  5.0E-01    966 (2.6E-07) 1.2E-04  1.6599199E+00    243 2.2E+02
   941      1  1.0E+00    967 (1.0E-07) 1.8E-04  1.6599198E+00    243 2.2E+02
   942      1  1.0E+00    968 (5.5E-08) 1.7E-04  1.6599192E+00    243 2.2E+02
   943      1  4.2E-01    969 (6.8E-08) 8.7E-05  1.6599191E+00    243 2.2E+02
   944      1  1.0E+00    970 (5.5E-08) 8.9E-05  1.6599189E+00    243 2.2E+02
   945      1  1.0E+00    971 (6.8E-08) 1.7E-04  1.6599187E+00    243 2.2E+02
   946      1  1.0E+00    972 (3.0E-08) 1.3E-04  1.6599183E+00    243 2.2E+02
   947      1  1.0E+00    973 (9.2E-08) 2.1E-04  1.6599181E+00    243 2.2E+02
   948      1  1.0E+00    974 (7.5E-08) 1.3E-04  1.6599178E+00    243 2.2E+02
   949      1  1.0E+00    975 (8.6E-08) 1.6E-04  1.6599176E+00    243 2.2E+02

 Major Minors     Step   nCon Feasible  Optimal  MeritFunction     nS Penalty
   950      1  1.0E+00    976 (7.6E-08) 1.4E-04  1.6599173E+00    243 2.2E+02
   951      1  1.0E+00    977 (1.5E-07) 1.9E-04  1.6599172E+00    243 2.2E+02
   952      1  1.0E+00    978 (1.4E-07) 1.2E-04  1.6599168E+00    243 2.2E+02
   953      1  4.0E-01    979 (1.1E-07) 1.2E-04  1.6599165E+00    243 2.2E+02
   954      1  1.0E+00    980 (1.2E-08) 2.0E-04  1.6599162E+00    243 2.2E+02
   955      1  1.0E+00    981 (0.0E+00) 8.8E-05  1.6599158E+00    243 2.2E+02
   956      1  1.0E+00    982 (7.2E-09) 1.1E-04  1.6599153E+00    243 2.2E+02
   957      1  1.0E+00    983 (0.0E+00) 1.9E-04  1.6599146E+00    243 2.2E+02
   958      1  1.0E+00    984 (2.7E-08) 1.2E-04  1.6599138E+00    243 2.2E+02
   959      1  1.0E+00    985 (7.1E-08) 2.0E-04  1.6599132E+00    243 2.2E+02

 Major Minors     Step   nCon Feasible  Optimal  MeritFunction     nS Penalty
   960      1  1.0E+00    986 (7.3E-08) 1.6E-04  1.6599122E+00    243 2.2E+02
   961      1  1.0E+00    987 (2.7E-07) 2.9E-04  1.6599118E+00    243 2.2E+02
   962      1  1.0E+00    988 (2.1E-07) 2.7E-04  1.6599108E+00    243 2.2E+02
   963      1  1.0E+00    989 (3.7E-07) 3.8E-04  1.6599099E+00    243 2.2E+02
   964      1  1.0E+00    990 (2.9E-07) 2.3E-04  1.6599088E+00    243 2.2E+02
   965      1  1.0E+00    991 (4.3E-07) 2.8E-04  1.6599084E+00    243 2.2E+02
   966      1  1.0E+00    992 (2.6E-07) 3.5E-04  1.6599070E+00    243 2.2E+02
   967      1  1.0E+00    993 (4.0E-07) 3.6E-04  1.6599060E+00    243 2.2E+02
   968      1  1.0E+00    994 (3.6E-07) 2.4E-04  1.6599047E+00    243 2.2E+02
   969      1  1.0E+00    995 (6.2E-07) 3.5E-04  1.6599041E+00    243 2.2E+02

 Major Minors     Step   nCon Feasible  Optimal  MeritFunction     nS Penalty
   970      1  1.0E+00    996 (4.3E-07) 3.8E-04  1.6599016E+00    243 2.2E+02
   971      3  1.0E+00    997 (6.1E-07) 5.9E-04  1.6598995E+00    245 2.2E+02   R
   972      3  3.8E-01    998 (8.7E-07) 1.9E-04  1.6598968E+00    245 2.2E+02 s
   973      2  1.0E+00    999 (2.8E-08) 1.1E-04  1.6598963E+00    244 2.2E+02
   974      1  1.0E+00   1000 (7.2E-08) 1.0E-04  1.6598957E+00    244 2.2E+02
   975      2  1.0E+00   1001 (7.4E-08) 1.9E-04  1.6598947E+00    245 2.2E+02
   976      1  1.0E+00   1002 (1.2E-07) 2.1E-04  1.6598930E+00    245 2.2E+02
   977      1  1.0E+00   1003 (1.4E-07) 1.6E-04  1.6598914E+00    245 2.2E+02
   978      1  1.0E+00   1004 (7.0E-08) 1.4E-04  1.6598900E+00    245 2.2E+02
   979      1  1.0E+00   1005 (2.0E-08) 1.1E-04  1.6598890E+00    245 2.2E+02

 Major Minors     Step   nCon Feasible  Optimal  MeritFunction     nS Penalty
   980      1  1.0E+00   1006 (3.1E-09) 1.4E-04  1.6598877E+00    245 2.2E+02
   981      1  1.0E+00   1007 (0.0E+00) 1.3E-04  1.6598863E+00    245 2.2E+02
   982      1  1.0E+00   1008 (0.0E+00) 2.0E-04  1.6598848E+00    245 2.2E+02
   983      1  1.0E+00   1009 (0.0E+00) 4.0E-04  1.6598834E+00    245 2.2E+02
   984      1  1.0E+00   1010 (0.0E+00) 5.1E-04  1.6598817E+00    245 2.2E+02
   985      1  1.0E+00   1011 (0.0E+00) 5.0E-04  1.6598799E+00    245 2.2E+02
   986      1  1.0E+00   1012 (0.0E+00) 3.9E-04  1.6598774E+00    245 2.2E+02
   987      1  1.0E+00   1013 (0.0E+00) 2.2E-04  1.6598744E+00    245 2.2E+02
   988      1  1.0E+00   1014 (0.0E+00) 1.4E-04  1.6598707E+00    245 2.2E+02
   989      2  1.0E+00   1015 (0.0E+00) 1.2E-04  1.6598657E+00    246 2.2E+02

 Major Minors     Step   nCon Feasible  Optimal  MeritFunction     nS Penalty
   990      1  1.0E+00   1016 (0.0E+00) 2.1E-04  1.6598585E+00    246 2.2E+02
   991      3  1.0E+00   1017 (0.0E+00) 2.8E-04  1.6598495E+00    248 2.2E+02
   992      2  1.0E+00   1018 (0.0E+00) 4.3E-04  1.6598356E+00    247 2.2E+02
   993      2  8.6E-08   1019 (0.0E+00) 4.3E-04  1.6598356E+00    248 2.2E+02
   994      2  4.4E-06   1020 (0.0E+00) 4.3E-04  1.6598356E+00    247 2.2E+02
   995      1  8.5E-10   1021 (0.0E+00) 4.3E-04  1.6598356E+00    247 2.2E+02
   995      3            1021 (0.0E+00) 4.3E-04  1.6598356E+00    249 1.0E+00   R
   996      3  1.0E+00   1022 (5.1E-07) 2.7E-04  1.6598295E+00    249 1.0E+00 s
   997      4  1.0E+00   1023 (4.5E-07) 2.2E-03  1.6598256E+00    250 1.0E+00
   998      3  1.2E-01   1024 (6.4E-07) 1.8E-04  1.6598237E+00    248 1.0E+00
   999      2  1.0E+00   1025 (1.6E-07) 3.3E-04  1.6598213E+00    247 1.0E+00

 Major Minors     Step   nCon Feasible  Optimal  MeritFunction     nS Penalty
  1000      2  1.0E+00   1026 (1.8E-07) 7.2E-04  1.6598184E+00    246 1.0E+00
  1001      2  1.0E+00   1027 (1.3E-07) 6.2E-04  1.6598171E+00    247 1.0E+00
  1002      2  1.0E+00   1028 (8.3E-08) 2.6E-04  1.6598152E+00    246 1.0E+00
  1003      1  1.0E+00   1029 (8.7E-08) 3.1E-04  1.6598139E+00    246 1.0E+00
  1004      1  1.0E+00   1030 (6.4E-08) 2.2E-04  1.6598130E+00    246 1.0E+00
  1005      1  1.0E+00   1031 (1.8E-07) 1.4E-04  1.6598125E+00    246 1.0E+00
  1006      2  1.0E+00   1032 (0.0E+00) 1.4E-04  1.6598108E+00    245 1.0E+00
  1007      1  1.0E+00   1033 (1.5E-07) 2.2E-04  1.6598103E+00    245 1.0E+00
  1008      1  1.0E+00   1034 (6.6E-08) 1.0E-04  1.6598095E+00    245 1.0E+00
  1009      2  1.0E+00   1035 (0.0E+00) 5.9E-04  1.6598080E+00    246 1.0E+00

 Major Minors     Step   nCon Feasible  Optimal  MeritFunction     nS Penalty
  1010      2  1.0E+00   1036 (1.1E-07) 9.6E-04  1.6598073E+00    245 1.0E+00
  1011      1  1.0E+00   1037 (5.6E-08) 8.9E-04  1.6598062E+00    245 1.0E+00
  1012      1  1.0E+00   1038 (2.9E-08) 4.4E-04  1.6598051E+00    245 1.0E+00
  1013      1  1.0E+00   1039 (1.7E-07) 2.1E-04  1.6598047E+00    245 1.0E+00
  1014      1  1.0E+00   1040 (9.4E-08) 1.3E-04  1.6598039E+00    245 1.0E+00
  1015      1  1.0E+00   1041 (2.9E-08) 2.3E-04  1.6598027E+00    245 1.0E+00
  1016      2  1.0E+00   1042 (2.4E-07) 4.6E-04  1.6598020E+00    246 1.0E+00
  1017      3  1.0E+00   1043 (1.3E-07) 2.6E-04  1.6597999E+00    246 1.0E+00
  1018      3  1.0E+00   1044 (5.9E-08) 3.4E-04  1.6597952E+00    246 1.0E+00
  1019      1  1.0E+00   1045 (1.2E-07) 9.0E-04  1.6597914E+00    246 1.0E+00

 Major Minors     Step   nCon Feasible  Optimal  MeritFunction     nS Penalty
  1020      1  1.0E+00   1046 (2.9E-07) 9.0E-04  1.6597888E+00    246 1.0E+00
  1021      2  1.0E+00   1047 (2.7E-07) 3.4E-04  1.6597871E+00    245 1.0E+00
  1022      1  1.0E+00   1048 (2.5E-07) 3.7E-04  1.6597857E+00    245 1.0E+00
  1023      1  1.0E+00   1049 (8.4E-08) 1.6E-04  1.6597844E+00    245 1.0E+00
  1024      1  1.0E+00   1050 (8.6E-08) 2.2E-04  1.6597840E+00    245 1.0E+00
  1025      1  1.0E+00   1051 (1.3E-08) 1.0E-04  1.6597834E+00    245 1.0E+00
  1026      1  1.0E+00   1052 (0.0E+00) 8.2E-05  1.6597829E+00    245 1.0E+00
  1027      2  1.0E+00   1053 (2.2E-08) 1.5E-04  1.6597825E+00    244 1.0E+00
  1028      1  1.0E+00   1054 (1.6E-08) 5.7E-05  1.6597824E+00    244 1.0E+00
  1029      1  1.0E+00   1055 (0.0E+00) 3.2E-05  1.6597821E+00    244 1.0E+00

 Major Minors     Step   nCon Feasible  Optimal  MeritFunction     nS Penalty
  1030      1  1.0E+00   1056 (7.6E-09) 7.9E-05  1.6597820E+00    244 1.0E+00
  1031      1  1.0E+00   1057 (0.0E+00) 3.4E-05  1.6597819E+00    244 1.0E+00
  1032      1  1.0E+00   1058 (0.0E+00) 4.6E-05  1.6597817E+00    244 1.0E+00
  1033      1  1.0E+00   1059 (0.0E+00) 3.7E-05  1.6597816E+00    244 1.0E+00
  1034      1  1.0E+00   1060 (0.0E+00) 2.7E-05  1.6597816E+00    244 1.0E+00
  1035      1  1.0E+00   1061 (0.0E+00) 2.3E-05  1.6597814E+00    244 1.0E+00
  1036      1  1.0E+00   1062 (0.0E+00) 3.2E-05  1.6597813E+00    244 1.0E+00   R
  1037      1  1.0E+00   1063 (0.0E+00) 3.0E-05  1.6597812E+00    244 1.0E+00 s
  1038      1  1.0E+00   1064 (0.0E+00) 8.0E-05  1.6597810E+00    244 1.0E+00
  1039      1  1.0E+00   1065 (0.0E+00) 7.2E-05  1.6597808E+00    244 1.0E+00

 Major Minors     Step   nCon Feasible  Optimal  MeritFunction     nS Penalty
  1040      1  1.0E+00   1066 (0.0E+00) 7.6E-05  1.6597806E+00    244 1.0E+00
  1041      1  1.0E+00   1067 (0.0E+00) 7.1E-05  1.6597799E+00    244 1.0E+00
  1042      1  1.0E+00   1068 (0.0E+00) 1.2E-04  1.6597786E+00    244 1.0E+00
  1043      1  1.0E+00   1069 (0.0E+00) 2.5E-04  1.6597779E+00    244 1.0E+00
  1044      1  1.0E+00   1070 (0.0E+00) 2.4E-04  1.6597763E+00    244 1.0E+00
  1045      1  1.0E+00   1071 (0.0E+00) 2.6E-04  1.6597748E+00    244 1.0E+00
  1046      1  1.9E-04   1072 (0.0E+00) 2.6E-04  1.6597748E+00    244 1.0E+00
  1047      1  5.0E-12   1073 (0.0E+00) 2.6E-04  1.6597748E+00    244 1.0E+00
  1048      1  1.2E-05   1074 (0.0E+00) 2.5E-04  1.6597748E+00    244 1.0E+00
  1049      1  1.0E+00   1075 (7.1E-08) 2.6E-04  1.6597747E+00    244 1.0E+00

 Major Minors     Step   nCon Feasible  Optimal  MeritFunction     nS Penalty
  1050      1  6.7E-05   1076 (7.1E-08) 2.6E-04  1.6597747E+00    244 1.0E+00
  1051      1  4.5E-01   1077 (5.6E-08) 2.8E-04  1.6597747E+00    244 1.0E+00
  1052      1  1.0E+00   1078 (0.0E+00) 2.9E-04  1.6597734E+00    244 1.0E+00
  1053      1  1.0E+00   1079 (0.0E+00) 3.0E-04  1.6597730E+00    244 1.0E+00
  1054      1  1.0E+00   1080 (0.0E+00) 3.3E-04  1.6597727E+00    244 1.0E+00
  1055      2  1.0E+00   1081 (0.0E+00) 3.2E-04  1.6597710E+00    245 1.0E+00
  1056      2  1.0E+00   1082 (0.0E+00) 3.5E-04  1.6597688E+00    244 1.0E+00
  1057      1  1.0E+00   1083 (8.1E-08) 3.4E-04  1.6597688E+00    244 1.0E+00
  1058      2  4.9E-05   1084 (8.1E-08) 3.5E-04  1.6597688E+00    243 1.0E+00
  1059      1  2.4E-08   1085 (8.1E-08) 3.7E-04  1.6597688E+00    243 1.0E+00
  1059      2            1085 (8.1E-08) 3.2E-04  1.6597688E+00    244 1.0E+00   R

 Major Minors     Step   nCon Feasible  Optimal  MeritFunction     nS Penalty
  1060      1  7.5E-07   1086 (8.1E-08) 3.4E-04  1.6597688E+00    244 1.0E+00 s

 Major Minors     Step   nCon Feasible  Optimal  MeritFunction     nS Penalty
  1060      1            1086 (8.1E-08) 3.2E-04  1.6597688E+00    244 1.0E+00 s R

 Major Minors     Step   nCon Feasible  Optimal  MeritFunction     nS Penalty
  1060      3            1086 (8.1E-08) 1.6E-04  1.6597688E+00    244 1.0E+00 s r
  1061      5  1.3E-12   1087 (8.1E-08) 1.1E-03  1.6597688E+00    246 1.0E+00 s
  1062      3  1.0E+00   1089 (0.0E+00) 2.7E-04  1.6597688E+00    248 5.4E+05  M
  1063      1  9.6E-04   1090 (0.0E+00) 2.4E-04  1.6597688E+00    248 7.3E+02
  1064      1  1.9E-05   1091 (0.0E+00) 2.4E-04  1.6597688E+00    248 3.8E+01
  1064      1            1091 (0.0E+00) 2.4E-04  1.6597688E+00    248 1.0E+00   R
  1064      4            1091 (0.0E+00) 1.6E-04  1.6597688E+00    246 1.0E+00   r
  1065      1  1.3E-12   1092 (0.0E+00) 1.6E-04  1.6597688E+00    246 1.0E+00   r
  1066      1  1.3E-12   1093 (0.0E+00) 1.6E-04  1.6597688E+00    246 1.0E+00   r
  1067      3  2.7E-09   1094 (0.0E+00) 1.9E-04  1.6597688E+00    248 1.0E+00 s
  1067      1            1094 (0.0E+00) 1.6E-04  1.6597688E+00    248 1.0E+00 s R
  1067      1            1094 (0.0E+00) 1.6E-04  1.6597688E+00    248 1.0E+00 s r
  1068      1            1095 (0.0E+00) 1.6E-04  1.6597688E+00    248 1.0E+00   r
  1068      0            1095 (0.0E+00) 1.6E-04  1.6597688E+00    248 1.0E+00   r
  1069      1            1096 (0.0E+00) 1.6E-04  1.6597688E+00    248 1.0E+00   r
  1069      0            1096 (0.0E+00) 1.6E-04  1.6597688E+00    248 1.0E+00   r
  1069      0            1096 (0.0E+00) 1.6E-04  1.6597688E+00    248 1.0E+00   r
 
 SNOPTC EXIT  40 -- terminated after numerical difficulties
 SNOPTC INFO  41 -- current point cannot be improved

 Problem name                 gbm-sizi
 No. of iterations               33863   Objective            1.6597687958E+00
 No. of major iterations          1069   Linear    obj. term  0.0000000000E+00
 Penalty parameter           1.000E+00   Nonlinear obj. term  1.6597687958E+00
 User function calls (total)      4021   Calls with modes 1,2 (known g)   1096
 No. of superbasics                248   No. of basic nonlinears            68
 No. of degenerate steps          1197   Percentage                       3.53
 Max x                      92 3.3E+00   Max pi                      1 1.6E+00
 Max Primal infeas         978 1.0E-17   Max Dual infeas           445 1.6E+00
 Nonlinear constraint violn    0.0E+00
 
 

 Solution printed on file  18
 
 Time for MPS input                             0.00 seconds
 Time for solving problem                   11008.85 seconds
 Time for solution output                       0.01 seconds
 Time for constraint functions              10966.16 seconds
 Time for objective function                    0.00 seconds
